This is pdfTeX, Version 3.1415926-2.5-1.40.14 (TeX Live 2013/TeX Live for SUSE Linux) (format=pdflatex 2016.3.2)  2 MAR 2016 02:20
entering extended mode
 restricted \write18 enabled.
 %&-line parsing enabled.
**projeto.tex
(./projeto.tex
LaTeX2e <2011/06/27>
Babel <3.9f> and hyphenation patterns for 78 languages loaded.
(/usr/share/texmf/tex/latex/abntex2/abntex2.cls
Document Class: abntex2 2013/06/01 v1.7 abnTeX2
(/usr/share/texmf/tex/latex/base/ifthen.sty
Package: ifthen 2001/05/26 v1.1c Standard LaTeX ifthen package (DPC)
)
(/usr/share/texmf/tex/latex/memoir/memoir.cls
Document Class: memoir 2013/05/22 v3.7 configurable book, report, article docum
ent class
\onelineskip=\skip41
\lxvchars=\skip42
\xlvchars=\skip43
\@memcnta=\count79
\c@@memmarkcntra=\count80
(/usr/share/texmf/tex/generic/oberdiek/ifpdf.sty
Package: ifpdf 2011/01/30 v2.3 Provides the ifpdf switch (HO)
Package ifpdf Info: pdfTeX in PDF mode is detected.
)
(/usr/share/texmf/tex/latex/ifetex/ifetex.sty
Package: ifetex 2011/12/15 v1.2 ifetex

(/usr/share/texmf/tex/plain/ifetex/ifetex.tex))
(/usr/share/texmf/tex/generic/ifxetex/ifxetex.sty
Package: ifxetex 2010/09/12 v0.6 Provides ifxetex conditional
)
(/usr/share/texmf/tex/generic/oberdiek/ifluatex.sty
Package: ifluatex 2010/03/01 v1.3 Provides the ifluatex switch (HO)
Package ifluatex Info: LuaTeX not detected.
)
\stockheight=\skip44
\stockwidth=\skip45
\trimtop=\skip46
\trimedge=\skip47

(/usr/share/texmf/tex/latex/etex-pkg/etex.sty
Package: etex 1998/03/26 v2.0 eTeX basic definition package (PEB)
\et@xins=\count81
)
(/usr/share/texmf/tex/latex/memoir/mem10.clo
File: mem10.clo 2008/01/30 v0.3 memoir class 10pt size option
)
\binding=\skip48
\spinemargin=\skip49
\foremargin=\skip50
\uppermargin=\skip51
\lowermargin=\skip52
\headdrop=\skip53
\normalrulethickness=\skip54
\mem@maxheadheight=\skip55
\mem@maxfootheight=\skip56
\headwidth=\skip57
\c@storedpagenumber=\count82
\memPD=\dimen102
\m@mabparskip=\skip58
\thanksmarkwidth=\skip59
\thanksmarksep=\skip60
\droptitle=\skip61
\c@book=\count83
\c@part=\count84
\c@chapter=\count85
\c@section=\count86
\c@subsection=\count87
\c@subsubsection=\count88
\c@paragraph=\count89
\c@subparagraph=\count90
\beforechapskip=\skip62
\midchapskip=\skip63
\afterchapskip=\skip64
\chapindent=\skip65
\bottomsectionskip=\skip66
\secindent=\skip67
\beforesecskip=\skip68
\aftersecskip=\skip69
\subsecindent=\skip70
\beforesubsecskip=\skip71
\aftersubsecskip=\skip72
\subsubsecindent=\skip73
\beforesubsubsecskip=\skip74
\aftersubsubsecskip=\skip75
\paraindent=\skip76
\beforeparaskip=\skip77
\afterparaskip=\skip78
\subparaindent=\skip79
\beforesubparaskip=\skip80
\aftersubparaskip=\skip81
\pfbreakskip=\skip82
\c@@ppsavesec=\count91
\c@@ppsaveapp=\count92
\ragrparindent=\dimen103
\everylistparindent=\dimen104
\parsepi=\skip83
\topsepi=\skip84
\itemsepi=\skip85
\parsepii=\skip86
\topsepii=\skip87
\topsepiii=\skip88
\itemsepii=\skip89
\itemsepiii=\skip90
\partopsepii=\skip91
\partopsepiii=\skip92
\m@msavetopsep=\skip93
\m@msavepartopsep=\skip94
\@enLab=\toks14
\abstitleskip=\skip95
\absleftindent=\skip96
\abs@leftindent=\dimen105
\absrightindent=\skip97
\absparindent=\skip98
\absparsep=\skip99
\c@vslineno=\count93
\c@poemline=\count94
\c@modulo@vs=\count95
\c@memfvsline=\count96
\vleftskip=\skip100
\vrightskip=\skip101
\stanzaskip=\skip102
\versewidth=\skip103
\vgap=\skip104
\vindent=\skip105
\vleftmargin=\dimen106
\c@verse=\count97
\c@chrsinstr=\count98
\beforepoemtitleskip=\skip106
\afterpoemtitleskip=\skip107
\c@poem=\count99
\beforePoemTitleskip=\skip108
\midPoemTitleskip=\skip109
\afterPoemTitleskip=\skip110
\col@sep=\dimen107
\extrarowheight=\dimen108
\NC@list=\toks15
\extratabsurround=\skip111
\backup@length=\skip112
\TX@col@width=\dimen109
\TX@old@table=\dimen110
\TX@old@col=\dimen111
\TX@target=\dimen112
\TX@delta=\dimen113
\TX@cols=\count100
\TX@ftn=\toks16
\heavyrulewidth=\dimen114
\lightrulewidth=\dimen115
\cmidrulewidth=\dimen116
\belowrulesep=\dimen117
\belowbottomsep=\dimen118
\aboverulesep=\dimen119
\abovetopsep=\dimen120
\cmidrulesep=\dimen121
\cmidrulekern=\dimen122
\defaultaddspace=\dimen123
\@cmidla=\count101
\@cmidlb=\count102
\@aboverulesep=\dimen124
\@belowrulesep=\dimen125
\@thisruleclass=\count103
\@lastruleclass=\count104
\@thisrulewidth=\dimen126
\ctableftskip=\skip113
\ctabrightskip=\skip114
\abovecolumnspenalty=\count105
\@linestogo=\count106
\@cellstogo=\count107
\@cellsincolumn=\count108
\crtok=\toks17
\@mincolumnwidth=\dimen127
\c@newflo@tctr=\count109
\mem@margin@floatbox=\box26
\@contcwidth=\skip115
\@contindw=\skip116
\abovecaptionskip=\skip117
\belowcaptionskip=\skip118
\subfloattopskip=\skip119
\subfloatcapskip=\skip120
\subfloatcaptopadj=\skip121
\subfloatbottomskip=\skip122
\subfloatlabelskip=\skip123
\subfloatcapmargin=\dimen128
\c@@contsubnum=\count110
\m@mscap@capbox=\box27
\m@mscap@fbox=\box28
\sidecapsep=\dimen129
\sidecapwidth=\dimen130
\m@m@tempdima=\dimen131
\m@mscapraise=\dimen132
\sidecapraise=\dimen133
\m@mscapmainwidth=\dimen134
\m@mscaplkern=\dimen135
\beforeepigraphskip=\skip124
\afterepigraphskip=\skip125
\epigraphwidth=\skip126
\epigraphrule=\skip127
LaTeX Info: Redefining \em on input line 7491.
LaTeX Info: Redefining \emph on input line 7499.
\tocentryskip=\skip128
\tocbaseline=\skip129
\cftparskip=\skip130
\cftbeforebookskip=\skip131
\cftbookindent=\dimen136
\cftbooknumwidth=\dimen137
\cftbeforepartskip=\skip132
\cftpartindent=\skip133
\cftpartnumwidth=\skip134
\cftbeforechapterskip=\skip135
\cftchapterindent=\skip136
\cftchapternumwidth=\skip137
\cftbeforesectionskip=\skip138
\cftsectionindent=\skip139
\cftsectionnumwidth=\skip140
\cftbeforesubsectionskip=\skip141
\cftsubsectionindent=\skip142
\cftsubsectionnumwidth=\skip143
\cftbeforesubsubsectionskip=\skip144
\cftsubsubsectionindent=\skip145
\cftsubsubsectionnumwidth=\skip146
\cftbeforeparagraphskip=\skip147
\cftparagraphindent=\skip148
\cftparagraphnumwidth=\skip149
\cftbeforesubparagraphskip=\skip150
\cftsubparagraphindent=\skip151
\cftsubparagraphnumwidth=\skip152
\prechapterprecisshift=\dimen138
\c@maxsecnumdepth=\count111
\bibindent=\dimen139
\bibitemsep=\skip153
\indexcolsep=\skip154
\indexrule=\skip155
\indexmarkstyle=\toks18
\@indexbox=\insert233
\glossarycolsep=\dimen140
\glossaryrule=\dimen141
\sideparvshift=\skip156
\sideins=\insert232
\sidebartopsep=\skip157
\sidebarhsep=\skip158
\sidebarvsep=\skip159
\sidebarwidth=\skip160
\footmarkwidth=\skip161
\footmarksep=\skip162
\footparindent=\skip163
\footinsdim=\skip164
\footinsv@r=\insert231
\@mpfootinsv@r=\insert230
\m@m@k=\count112
\m@m@h=\dimen142
\m@mipn@skip=\skip165
\sidefootins=\insert229
\sidefootadjust=\skip166
\sidefootheight=\skip167
\sidefoothsep=\skip168
\sidefootvsep=\skip169
\sidefootwidth=\skip170
\m@mdownsf=\skip171
\c@sidefootnote=\count113
\sidefootmarkwidth=\skip172
\sidefootmarksep=\skip173
\sidefootparindent=\skip174
\c@pagenote=\count114
\c@pagenoteshadow=\count115
\mem@pn@lastkern=\skip175
\every@verbatim=\toks19
\afterevery@verbatim=\toks20
\verbatim@line=\toks21
\tab@position=\count116
\verbatim@in@stream=\read1
\verbatimindent=\skip176
\verbatim@out=\write3
\bvboxsep=\skip177
\c@memfbvline=\count117
\c@bvlinectr=\count118
\bvnumlength=\skip178
\fb@frw=\dimen143
\fb@frh=\dimen144
\FrameRule=\dimen145
\FrameSep=\dimen146
\c@cp@cntr=\count119
LaTeX Info: Redefining \: on input line 11957.
LaTeX Info: Redefining \! on input line 11959.
\c@ism@mctr=\count120
\c@xsm@mctr=\count121
\c@csm@mctr=\count122
\c@ksm@mctr=\count123
\c@xksm@mctr=\count124
\c@cksm@mctr=\count125
\c@msm@mctr=\count126
\c@xmsm@mctr=\count127
\c@cmsm@mctr=\count128
\c@bsm@mctr=\count129
\c@workm@mctr=\count130
\c@sheetsequence=\count131
\c@lastsheet=\count132
\c@lastpage=\count133
\c@figure=\count134
\c@lofdepth=\count135
\cftbeforefigureskip=\skip179
\cftfigureindent=\skip180
\cftfigurenumwidth=\skip181
\c@table=\count136
\c@lotdepth=\count137
\cftbeforetableskip=\skip182
\cfttableindent=\skip183
\cfttablenumwidth=\skip184
Package abstract [2008/07/23] emulated by memoir.
Package appendix [2008/07/23] emulated by memoir.
Package array [2008/09/09] emulated by memoir.
Package booktabs [2008/07/23] emulated by memoir.
Package ccaption [2008/07/23] emulated by memoir.
Package changepage [2008/07/23] emulated by memoir.
Package chngcntr [2008/07/23] emulated by memoir.
Package chngpage [2008/07/23] emulated by memoir.
Package crop emulated by memoir.
Package dcolumn [2008/07/23] emulated by memoir.
Package delarray [2008/07/23] emulated by memoir.
Package enumerate [2008/07/23] emulated by memoir.
Package epigraph [2008/07/23] emulated by memoir.
Package ifmtarg [2008/07/23] emulated by memoir.
Package index [2008/07/23] emulated by memoir.
Package makeidx [2008/07/23] emulated by memoir.
Package moreverb [2008/07/23] emulated by memoir.
Package mparhack [2008/07/23] emulated by memoir.
Package needspace [2008/07/23] emulated by memoir.
Package newfile [2008/07/23] emulated by memoir.
Package nextpage [2008/07/23] emulated by memoir.
Package pagenote [2008/07/23] emulated by memoir.
Package parskip [2008/07/23] emulated by memoir.
Package patchcmd [2008/07/23] emulated by memoir.
Package setspace [2008/07/23] emulated by memoir.
Package shortvrb [2008/07/23] emulated by memoir.
Package showidx [2008/07/23] emulated by memoir.
Package tabularx [2008/07/23] emulated by memoir.
Package titleref [2008/07/23] emulated by memoir.
Package titling [2008/07/23] emulated by memoir.
Package tocbibind [2008/07/23] emulated by memoir.
Package tocloft [2008/07/23] emulated by memoir.
Package tocvsec2 [2008/07/23] emulated by memoir.
Package verbatim [2008/07/23] emulated by memoir.
Package verse [2008/07/23] emulated by memoir.

(/usr/share/texmf/tex/latex/memoir/mempatch.sty
Package: mempatch 2009/07/24 v6.0f Patches for memoir class v1.6180339
))
(/usr/share/texmf/tex/latex/textcase/textcase.sty
Package: textcase 2004/10/07 v0.07 Text only upper/lower case changing (DPC)
LaTeX Info: Redefining \MakeTextUppercase on input line 47.
LaTeX Info: Redefining \MakeTextLowercase on input line 50.
)
(/usr/share/texmf/tex/latex/hyperref/hyperref.sty
Package: hyperref 2012/11/06 v6.83m Hypertext links for LaTeX

(/usr/share/texmf/tex/generic/oberdiek/hobsub-hyperref.sty
Package: hobsub-hyperref 2012/05/28 v1.13 Bundle oberdiek, subset hyperref (HO)


(/usr/share/texmf/tex/generic/oberdiek/hobsub-generic.sty
Package: hobsub-generic 2012/05/28 v1.13 Bundle oberdiek, subset generic (HO)
Package: hobsub 2012/05/28 v1.13 Construct package bundles (HO)
Package: infwarerr 2010/04/08 v1.3 Providing info/warning/error messages (HO)
Package: ltxcmds 2011/11/09 v1.22 LaTeX kernel commands for general use (HO)
Package hobsub Info: Skipping package `ifluatex' (already loaded).
Package: ifvtex 2010/03/01 v1.5 Detect VTeX and its facilities (HO)
Package ifvtex Info: VTeX not detected.
Package: intcalc 2007/09/27 v1.1 Expandable calculations with integers (HO)
Package hobsub Info: Skipping package `ifpdf' (already loaded).
Package: etexcmds 2011/02/16 v1.5 Avoid name clashes with e-TeX commands (HO)
Package etexcmds Info: Could not find \expanded.
(etexcmds)             That can mean that you are not using pdfTeX 1.50 or
(etexcmds)             that some package has redefined \expanded.
(etexcmds)             In the latter case, load this package earlier.
Package: kvsetkeys 2012/04/25 v1.16 Key value parser (HO)
Package: kvdefinekeys 2011/04/07 v1.3 Define keys (HO)
Package: pdftexcmds 2011/11/29 v0.20 Utility functions of pdfTeX for LuaTeX (HO
)
Package pdftexcmds Info: LuaTeX not detected.
Package pdftexcmds Info: \pdf@primitive is available.
Package pdftexcmds Info: \pdf@ifprimitive is available.
Package pdftexcmds Info: \pdfdraftmode found.
Package: pdfescape 2011/11/25 v1.13 Implements pdfTeX's escape features (HO)
Package: bigintcalc 2012/04/08 v1.3 Expandable calculations on big integers (HO
)
Package: bitset 2011/01/30 v1.1 Handle bit-vector datatype (HO)
Package: uniquecounter 2011/01/30 v1.2 Provide unlimited unique counter (HO)
)
Package hobsub Info: Skipping package `hobsub' (already loaded).
Package: letltxmacro 2010/09/02 v1.4 Let assignment for LaTeX macros (HO)
Package: hopatch 2012/05/28 v1.2 Wrapper for package hooks (HO)
Package: xcolor-patch 2011/01/30 xcolor patch
Package: atveryend 2011/06/30 v1.8 Hooks at the very end of document (HO)
Package atveryend Info: \enddocument detected (standard20110627).
Package: atbegshi 2011/10/05 v1.16 At begin shipout hook (HO)
Package: refcount 2011/10/16 v3.4 Data extraction from label references (HO)
Package: hycolor 2011/01/30 v1.7 Color options for hyperref/bookmark (HO)
)
(/usr/share/texmf/tex/latex/graphics/keyval.sty
Package: keyval 1999/03/16 v1.13 key=value parser (DPC)
\KV@toks@=\toks22
)
(/usr/share/texmf/tex/latex/oberdiek/auxhook.sty
Package: auxhook 2011/03/04 v1.3 Hooks for auxiliary files (HO)
)
(/usr/share/texmf/tex/latex/oberdiek/kvoptions.sty
Package: kvoptions 2011/06/30 v3.11 Key value format for package options (HO)
)
\@linkdim=\dimen147
\Hy@linkcounter=\count138
\Hy@pagecounter=\count139

(/usr/share/texmf/tex/latex/hyperref/pd1enc.def
File: pd1enc.def 2012/11/06 v6.83m Hyperref: PDFDocEncoding definition (HO)
)
\Hy@SavedSpaceFactor=\count140

(/usr/share/texmf/tex/latex/latexconfig/hyperref.cfg
File: hyperref.cfg 2002/06/06 v1.2 hyperref configuration of TeXLive
)
Package hyperref Info: Hyper figures OFF on input line 4443.
Package hyperref Info: Link nesting OFF on input line 4448.
Package hyperref Info: Hyper index ON on input line 4451.
Package hyperref Info: Plain pages OFF on input line 4458.
Package hyperref Info: Backreferencing OFF on input line 4463.
Package hyperref Info: Implicit mode ON; LaTeX internals redefined.
Package hyperref Info: Bookmarks ON on input line 4688.
\c@Hy@tempcnt=\count141

(/usr/share/texmf/tex/latex/url/url.sty
\Urlmuskip=\muskip10
Package: url 2006/04/12  ver 3.3  Verb mode for urls, etc.
)
LaTeX Info: Redefining \url on input line 5041.
\XeTeXLinkMargin=\dimen148
\Fld@menulength=\count142
\Field@Width=\dimen149
\Fld@charsize=\dimen150
Package hyperref Info: Hyper figures OFF on input line 6295.
Package hyperref Info: Link nesting OFF on input line 6300.
Package hyperref Info: Hyper index ON on input line 6303.
Package hyperref Info: backreferencing OFF on input line 6310.
Package hyperref Info: Link coloring OFF on input line 6315.
Package hyperref Info: Link coloring with OCG OFF on input line 6320.
Package hyperref Info: PDF/A mode OFF on input line 6325.
LaTeX Info: Redefining \ref on input line 6365.
LaTeX Info: Redefining \pageref on input line 6369.
\Hy@abspage=\count143
\c@Item=\count144
\c@Hfootnote=\count145
)
(/usr/share/texmf/tex/latex/memoir/memhfixc.sty
Package: memhfixc 2013/05/16 v1.16 nameref/hyperref package fixes for memoir cl
ass
\c@memhycontfloat=\count146
\c@Hpagenote=\count147
)

Package hyperref Message: Driver (autodetected): hpdftex.

(/usr/share/texmf/tex/latex/hyperref/hpdftex.def
File: hpdftex.def 2012/11/06 v6.83m Hyperref driver for pdfTeX
\Fld@listcount=\count148
\c@bookmark@seq@number=\count149

(/usr/share/texmf/tex/latex/oberdiek/rerunfilecheck.sty
Package: rerunfilecheck 2011/04/15 v1.7 Rerun checks for auxiliary files (HO)
Package uniquecounter Info: New unique counter `rerunfilecheck' on input line 2
82.
)
\Hy@SectionHShift=\skip185
)
(/usr/share/texmf/tex/latex/oberdiek/bookmark.sty
Package: bookmark 2011/12/02 v1.24 PDF bookmarks (HO)

(/usr/share/texmf/tex/latex/oberdiek/bkm-pdftex.def
File: bkm-pdftex.def 2011/12/02 v1.24 bookmark driver for pdfTeX (HO)
\BKM@id=\count150
))
(/usr/share/texmf/tex/generic/babel/babel.sty
Package: babel 2013/05/16 v3.9f The Babel package

(/usr/share/texmf/tex/generic/babel-portuges/portuges.ldf
Language: portuges 2008/03/18 v1.2q Portuguese support from the babel system

(/usr/share/texmf/tex/generic/babel/babel.def
File: babel.def 2013/05/16 v3.9f Babel common definitions
\babel@savecnt=\count151
\U@D=\dimen151
)
\l@brazil = a dialect from \language\l@portuges 
Package babel Info: Making " an active character on input line 145.
))
(/usr/share/texmf/tex/latex/enumitem/enumitem.sty
Package: enumitem 2011/09/28 v3.5.2 Customized lists
\labelindent=\skip186
\enit@outerparindent=\dimen152
\enit@toks=\toks23
\enit@inbox=\box29
\enitdp@description=\count152
)
(/usr/share/texmf/tex/latex/tools/calc.sty
Package: calc 2007/08/22 v4.3 Infix arithmetic (KKT,FJ)
\calc@Acount=\count153
\calc@Bcount=\count154
\calc@Adimen=\dimen153
\calc@Bdimen=\dimen154
\calc@Askip=\skip187
\calc@Bskip=\skip188
LaTeX Info: Redefining \setlength on input line 76.
LaTeX Info: Redefining \addtolength on input line 77.
\calc@Ccount=\count155
\calc@Cskip=\skip189
)

******************************************************
Stock height and width: 794.96999pt by 614.295pt
Top and edge trims: 0pt and 0pt
Page height and width: 794.96999pt by 614.295pt
Text height and width: 658pt by 472pt
Spine and edge margins: 85.35826pt and 56.9055pt
Upper and lower margins: 85.35826pt and 51.61172pt
Headheight and headsep: 12pt and 18.06749pt
Footskip: 25.29494pt
Columnsep and columnseprule: 10pt and 0pt
Marginparsep and marginparwidth: 7pt and 42.9055pt
Sidecapsep and sidecapwidth: 7pt and 71pt
Sidebarhsep and sidebarwidth: 7pt and 71pt
Sidebarvsep and sidebartopsep: 12pt and 0pt
Sidebarheight: 548.39996pt
Sidefoothsep and sidefootwidth: 7pt and 71pt
Sidefootvsep and sidefootheight: 12pt and 548.39996pt
******************************************************

\c@abntex@bookmarkcounter=\count156
\chapternamenumlength=\skip190
\ABNTEXcitacaorecuo=\skip191
\c@alineasi=\count157
\c@alineasii=\count158
\enitdp@alineas=\count159
\c@subalineasi=\count160
\enitdp@subalineas=\count161
\c@incisosi=\count162
\enitdp@incisos=\count163
\ABNTEXsignwidth=\skip192
\ABNTEXsignthickness=\skip193
\ABNTEXsignskip=\skip194
) (/usr/share/texmf/tex/latex/base/fontenc.sty
Package: fontenc 2005/09/27 v1.99g Standard LaTeX package

(/usr/share/texmf/tex/latex/base/t1enc.def
File: t1enc.def 2005/09/27 v1.99g Standard LaTeX file
LaTeX Font Info:    Redeclaring font encoding T1 on input line 43.
))
(/usr/share/texmf/tex/latex/base/inputenc.sty
Package: inputenc 2008/03/30 v1.1d Input encoding file
\inpenc@prehook=\toks24
\inpenc@posthook=\toks25

(/usr/share/texmf/tex/latex/base/latin9.def
File: latin9.def 2008/03/30 v1.1d Input encoding file
))
(/usr/share/texmf/tex/latex/float/float.sty
Package: float 2001/11/08 v1.3d Float enhancements (AL)
\c@float@type=\count164
\float@exts=\toks26
\float@box=\box30
\@float@everytoks=\toks27
\@floatcapt=\box31
)
(/usr/share/texmf/tex/latex/base/textcomp.sty
Package: textcomp 2005/09/27 v1.99g Standard LaTeX package
Package textcomp Info: Sub-encoding information:
(textcomp)               5 = only ISO-Adobe without \textcurrency
(textcomp)               4 = 5 + \texteuro
(textcomp)               3 = 4 + \textohm
(textcomp)               2 = 3 + \textestimated + \textcurrency
(textcomp)               1 = TS1 - \textcircled - \t
(textcomp)               0 = TS1 (full)
(textcomp)             Font families with sub-encoding setting implement
(textcomp)             only a restricted character set as indicated.
(textcomp)             Family '?' is the default used for unknown fonts.
(textcomp)             See the documentation for details.
Package textcomp Info: Setting ? sub-encoding to TS1/1 on input line 71.

(/usr/share/texmf/tex/latex/base/ts1enc.def
File: ts1enc.def 2001/06/05 v3.0e (jk/car/fm) Standard LaTeX file
)
LaTeX Info: Redefining \oldstylenums on input line 266.
Package textcomp Info: Setting cmr sub-encoding to TS1/0 on input line 281.
Package textcomp Info: Setting cmss sub-encoding to TS1/0 on input line 282.
Package textcomp Info: Setting cmtt sub-encoding to TS1/0 on input line 283.
Package textcomp Info: Setting cmvtt sub-encoding to TS1/0 on input line 284.
Package textcomp Info: Setting cmbr sub-encoding to TS1/0 on input line 285.
Package textcomp Info: Setting cmtl sub-encoding to TS1/0 on input line 286.
Package textcomp Info: Setting ccr sub-encoding to TS1/0 on input line 287.
Package textcomp Info: Setting ptm sub-encoding to TS1/4 on input line 288.
Package textcomp Info: Setting pcr sub-encoding to TS1/4 on input line 289.
Package textcomp Info: Setting phv sub-encoding to TS1/4 on input line 290.
Package textcomp Info: Setting ppl sub-encoding to TS1/3 on input line 291.
Package textcomp Info: Setting pag sub-encoding to TS1/4 on input line 292.
Package textcomp Info: Setting pbk sub-encoding to TS1/4 on input line 293.
Package textcomp Info: Setting pnc sub-encoding to TS1/4 on input line 294.
Package textcomp Info: Setting pzc sub-encoding to TS1/4 on input line 295.
Package textcomp Info: Setting bch sub-encoding to TS1/4 on input line 296.
Package textcomp Info: Setting put sub-encoding to TS1/5 on input line 297.
Package textcomp Info: Setting uag sub-encoding to TS1/5 on input line 298.
Package textcomp Info: Setting ugq sub-encoding to TS1/5 on input line 299.
Package textcomp Info: Setting ul8 sub-encoding to TS1/4 on input line 300.
Package textcomp Info: Setting ul9 sub-encoding to TS1/4 on input line 301.
Package textcomp Info: Setting augie sub-encoding to TS1/5 on input line 302.
Package textcomp Info: Setting dayrom sub-encoding to TS1/3 on input line 303.
Package textcomp Info: Setting dayroms sub-encoding to TS1/3 on input line 304.

Package textcomp Info: Setting pxr sub-encoding to TS1/0 on input line 305.
Package textcomp Info: Setting pxss sub-encoding to TS1/0 on input line 306.
Package textcomp Info: Setting pxtt sub-encoding to TS1/0 on input line 307.
Package textcomp Info: Setting txr sub-encoding to TS1/0 on input line 308.
Package textcomp Info: Setting txss sub-encoding to TS1/0 on input line 309.
Package textcomp Info: Setting txtt sub-encoding to TS1/0 on input line 310.
Package textcomp Info: Setting lmr sub-encoding to TS1/0 on input line 311.
Package textcomp Info: Setting lmdh sub-encoding to TS1/0 on input line 312.
Package textcomp Info: Setting lmss sub-encoding to TS1/0 on input line 313.
Package textcomp Info: Setting lmssq sub-encoding to TS1/0 on input line 314.
Package textcomp Info: Setting lmvtt sub-encoding to TS1/0 on input line 315.
Package textcomp Info: Setting qhv sub-encoding to TS1/0 on input line 316.
Package textcomp Info: Setting qag sub-encoding to TS1/0 on input line 317.
Package textcomp Info: Setting qbk sub-encoding to TS1/0 on input line 318.
Package textcomp Info: Setting qcr sub-encoding to TS1/0 on input line 319.
Package textcomp Info: Setting qcs sub-encoding to TS1/0 on input line 320.
Package textcomp Info: Setting qpl sub-encoding to TS1/0 on input line 321.
Package textcomp Info: Setting qtm sub-encoding to TS1/0 on input line 322.
Package textcomp Info: Setting qzc sub-encoding to TS1/0 on input line 323.
Package textcomp Info: Setting qhvc sub-encoding to TS1/0 on input line 324.
Package textcomp Info: Setting futs sub-encoding to TS1/4 on input line 325.
Package textcomp Info: Setting futx sub-encoding to TS1/4 on input line 326.
Package textcomp Info: Setting futj sub-encoding to TS1/4 on input line 327.
Package textcomp Info: Setting hlh sub-encoding to TS1/3 on input line 328.
Package textcomp Info: Setting hls sub-encoding to TS1/3 on input line 329.
Package textcomp Info: Setting hlst sub-encoding to TS1/3 on input line 330.
Package textcomp Info: Setting hlct sub-encoding to TS1/5 on input line 331.
Package textcomp Info: Setting hlx sub-encoding to TS1/5 on input line 332.
Package textcomp Info: Setting hlce sub-encoding to TS1/5 on input line 333.
Package textcomp Info: Setting hlcn sub-encoding to TS1/5 on input line 334.
Package textcomp Info: Setting hlcw sub-encoding to TS1/5 on input line 335.
Package textcomp Info: Setting hlcf sub-encoding to TS1/5 on input line 336.
Package textcomp Info: Setting pplx sub-encoding to TS1/3 on input line 337.
Package textcomp Info: Setting pplj sub-encoding to TS1/3 on input line 338.
Package textcomp Info: Setting ptmx sub-encoding to TS1/4 on input line 339.
Package textcomp Info: Setting ptmj sub-encoding to TS1/4 on input line 340.
)
(/usr/share/texmf/tex/latex/amsmath/amsmath.sty
Package: amsmath 2013/01/14 v2.14 AMS math features
\@mathmargin=\skip195

For additional information on amsmath, use the `?' option.
(/usr/share/texmf/tex/latex/amsmath/amstext.sty
Package: amstext 2000/06/29 v2.01

(/usr/share/texmf/tex/latex/amsmath/amsgen.sty
File: amsgen.sty 1999/11/30 v2.0
\@emptytoks=\toks28
\ex@=\dimen155
))
(/usr/share/texmf/tex/latex/amsmath/amsbsy.sty
Package: amsbsy 1999/11/29 v1.2d
\pmbraise@=\dimen156
)
(/usr/share/texmf/tex/latex/amsmath/amsopn.sty
Package: amsopn 1999/12/14 v2.01 operator names
)
\inf@bad=\count165
LaTeX Info: Redefining \frac on input line 210.
\uproot@=\count166
\leftroot@=\count167
LaTeX Info: Redefining \overline on input line 306.
\classnum@=\count168
\DOTSCASE@=\count169
LaTeX Info: Redefining \ldots on input line 378.
LaTeX Info: Redefining \dots on input line 381.
LaTeX Info: Redefining \cdots on input line 466.
\Mathstrutbox@=\box32
\strutbox@=\box33
\big@size=\dimen157
LaTeX Font Info:    Redeclaring font encoding OML on input line 566.
LaTeX Font Info:    Redeclaring font encoding OMS on input line 567.
\macc@depth=\count170
\c@MaxMatrixCols=\count171
\dotsspace@=\muskip11
\c@parentequation=\count172
\dspbrk@lvl=\count173
\tag@help=\toks29
\row@=\count174
\column@=\count175
\maxfields@=\count176
\andhelp@=\toks30
\eqnshift@=\dimen158
\alignsep@=\dimen159
\tagshift@=\dimen160
\tagwidth@=\dimen161
\totwidth@=\dimen162
\lineht@=\dimen163
\@envbody=\toks31
\multlinegap=\skip196
\multlinetaggap=\skip197
\mathdisplay@stack=\toks32
LaTeX Info: Redefining \[ on input line 2665.
LaTeX Info: Redefining \] on input line 2666.
)
(/usr/share/texmf/tex/latex/amsfonts/amssymb.sty
Package: amssymb 2013/01/14 v3.01 AMS font symbols

(/usr/share/texmf/tex/latex/amsfonts/amsfonts.sty
Package: amsfonts 2013/01/14 v3.01 Basic AMSFonts support
\symAMSa=\mathgroup4
\symAMSb=\mathgroup5
LaTeX Font Info:    Overwriting math alphabet `\mathfrak' in version `bold'
(Font)                  U/euf/m/n --> U/euf/b/n on input line 106.
))
(/usr/share/texmf/tex/latex/bezos/accents.sty
Package: accents 2006/05/12 v1.3 Math Accent Tools
\cc@skew=\dimen164
\cc@wd=\dimen165
\cc@code=\count177
\cc@group=\count178
\cc@skewchar=\count179
)
(/usr/share/texmf/tex/latex/graphics/graphicx.sty
Package: graphicx 1999/02/16 v1.0f Enhanced LaTeX Graphics (DPC,SPQR)

(/usr/share/texmf/tex/latex/graphics/graphics.sty
Package: graphics 2009/02/05 v1.0o Standard LaTeX Graphics (DPC,SPQR)

(/usr/share/texmf/tex/latex/graphics/trig.sty
Package: trig 1999/03/16 v1.09 sin cos tan (DPC)
)
(/usr/share/texmf/tex/latex/latexconfig/graphics.cfg
File: graphics.cfg 2010/04/23 v1.9 graphics configuration of TeX Live
)
Package graphics Info: Driver file: pdftex.def on input line 91.

(/usr/share/texmf/tex/latex/pdftex-def/pdftex.def
File: pdftex.def 2011/05/27 v0.06d Graphics/color for pdfTeX
\Gread@gobject=\count180
))
\Gin@req@height=\dimen166
\Gin@req@width=\dimen167
)
(/usr/share/texmf/tex/latex/abntex2/abntex2cite.sty
(/usr/share/texmf/tex/latex/abntex2/abntex2abrev.sty)
\minimumbiblabelwidth=\skip198
\ABCIauxlen=\skip199
\c@ABCIaux=\count181
\c@ABCImax=\count182

(/usr/share/texmf/tex/latex/relsize/relsize.sty
Package: relsize 2013/03/29 ver 4.1
)
\biblabelsep=\skip200
LaTeX Info: Redefining \newblock on input line 646.
LaTeX Info: Redefining \cite on input line 673.
\ABCItoken=\toks33
)
(/usr/share/texmf/tex/latex/subfig/subfig.sty
Package: subfig 2005/06/28 ver: 1.3 subfig package


Class memoir Warning: You are using the caption package with the memoir class. 
To prepare we will now reset all captioning macros and configurations to kernel
 defaults, and then let the caption package take over. Please remember to use t
he caption package interfaces in order to configure your captions. .

(/usr/share/texmf/tex/latex/caption/caption.sty
Package: caption 2013/05/02 v3.3-89 Customizing captions (AR)

(/usr/share/texmf/tex/latex/caption/caption3.sty
Package: caption3 2013/05/02 v1.6-88 caption3 kernel (AR)
Package caption3 Info: TeX engine: e-TeX on input line 57.
\captionmargin=\dimen168
\captionmargin@=\dimen169
\captionwidth=\dimen170
\caption@tempdima=\dimen171
\caption@indent=\dimen172
\caption@parindent=\dimen173
\caption@hangindent=\dimen174
)
\c@ContinuedFloat=\count183
Package caption Info: float package is loaded.
Package caption Info: hyperref package is loaded.
)
\c@KVtest=\count184
\sf@farskip=\skip201
\sf@captopadj=\dimen175
\sf@capskip=\skip202
\sf@nearskip=\skip203
\c@subfigure=\count185
\c@subfigure@save=\count186
\c@subtable=\count187
\c@subtable@save=\count188
\sf@top=\skip204
\sf@bottom=\skip205
) (./projeto.aux)
\openout1 = `projeto.aux'.

LaTeX Font Info:    Checking defaults for OML/cmm/m/it on input line 32.
LaTeX Font Info:    ... okay on input line 32.
LaTeX Font Info:    Checking defaults for T1/cmr/m/n on input line 32.
LaTeX Font Info:    ... okay on input line 32.
LaTeX Font Info:    Checking defaults for OT1/cmr/m/n on input line 32.
LaTeX Font Info:    ... okay on input line 32.
LaTeX Font Info:    Checking defaults for OMS/cmsy/m/n on input line 32.
LaTeX Font Info:    ... okay on input line 32.
LaTeX Font Info:    Checking defaults for OMX/cmex/m/n on input line 32.
LaTeX Font Info:    ... okay on input line 32.
LaTeX Font Info:    Checking defaults for U/cmr/m/n on input line 32.
LaTeX Font Info:    ... okay on input line 32.
LaTeX Font Info:    Checking defaults for PD1/pdf/m/n on input line 32.
LaTeX Font Info:    ... okay on input line 32.
LaTeX Font Info:    Checking defaults for TS1/cmr/m/n on input line 32.
LaTeX Font Info:    Try loading font information for TS1+cmr on input line 32.

(/usr/share/texmf/tex/latex/base/ts1cmr.fd
File: ts1cmr.fd 1999/05/25 v2.5h Standard LaTeX font definitions
)
LaTeX Font Info:    ... okay on input line 32.
\AtBeginShipoutBox=\box34
Package hyperref Info: Link coloring OFF on input line 32.

(/usr/share/texmf/tex/latex/hyperref/nameref.sty
Package: nameref 2012/10/27 v2.43 Cross-referencing by name of section

(/usr/share/texmf/tex/generic/oberdiek/gettitlestring.sty
Package: gettitlestring 2010/12/03 v1.4 Cleanup title references (HO)
)
\c@section@level=\count189
)
Redoing nameref's sectioning
Redoing nameref's label
LaTeX Info: Redefining \nameref on input line 32.
LaTeX Info: Redefining \ref on input line 32.
LaTeX Info: Redefining \pageref on input line 32.
LaTeX Info: Redefining \nameref on input line 32.
(/usr/share/texmf/tex/context/base/supp-pdf.mkii
[Loading MPS to PDF converter (version 2006.09.02).]
\scratchcounter=\count190
\scratchdimen=\dimen176
\scratchbox=\box35
\nofMPsegments=\count191
\nofMParguments=\count192
\everyMPshowfont=\toks34
\MPscratchCnt=\count193
\MPscratchDim=\dimen177
\MPnumerator=\count194
\makeMPintoPDFobject=\count195
\everyMPtoPDFconversion=\toks35
) (/usr/share/texmf/tex/latex/oberdiek/epstopdf-base.sty
Package: epstopdf-base 2010/02/09 v2.5 Base part for package epstopdf

(/usr/share/texmf/tex/latex/oberdiek/grfext.sty
Package: grfext 2010/08/19 v1.1 Manage graphics extensions (HO)
)
Package grfext Info: Graphics extension search list:
(grfext)             [.png,.pdf,.jpg,.mps,.jpeg,.jbig2,.jb2,.PNG,.PDF,.JPG,.JPE
G,.JBIG2,.JB2,.eps]
(grfext)             \AppendGraphicsExtensions on input line 452.

(/usr/share/texmf/tex/latex/latexconfig/epstopdf-sys.cfg
File: epstopdf-sys.cfg 2010/07/13 v1.3 Configuration of (r)epstopdf for TeX Liv
e
))
Package caption Info: Begin \AtBeginDocument code.
Package caption Info: subfig package v1.3 is loaded.
Package caption Info: End \AtBeginDocument code.
LaTeX Font Info:    Try loading font information for T1+cmss on input line 34.

(/usr/share/texmf/tex/latex/base/t1cmss.fd
File: t1cmss.fd 1999/05/25 v2.5h Standard LaTeX font definitions
) [1


{/usr/share/texmf/fonts/map/pdftex/updmap/pdftex.map}] [2

]

LaTeX Warning: Citation `borchartt2013breast' on page 3 undefined on input line
 116.


<figures/fundamentation/termography/termography.jpg, id=22, 642.4pt x 481.8pt>
File: figures/fundamentation/termography/termography.jpg Graphic file (type jpg
)

<use figures/fundamentation/termography/termography.jpg>
Package pdftex.def Info: figures/fundamentation/termography/termography.jpg use
d on input line 123.
(pdftex.def)             Requested size: 160.59961pt x 120.44969pt.


LaTeX Warning: Citation `silva2014new' on page 3 undefined on input line 137.


LaTeX Warning: Citation `lincoln_thesis2015' on page 3 undefined on input line 
139.


LaTeX Warning: Citation `anbar1987computerized' on page 3 undefined on input li
ne 147.


LaTeX Warning: Citation `lincoln_thesis2015' on page 3 undefined on input line 
158.

[3

 <./figures/fundamentation/termography/termography.jpg>]

LaTeX Warning: Citation `amalu2004nondestructive' on page 4 undefined on input 
line 164.

LaTeX Font Info:    Try loading font information for U+msa on input line 174.
(/usr/share/texmf/tex/latex/amsfonts/umsa.fd
File: umsa.fd 2013/01/14 v3.01 AMS symbols A
)
LaTeX Font Info:    Try loading font information for U+msb on input line 174.

(/usr/share/texmf/tex/latex/amsfonts/umsb.fd
File: umsb.fd 2013/01/14 v3.01 AMS symbols B
)
<figures/fundamentation/image_registration/mapping.png, id=36, 344.28625pt x 96
.36pt>
File: figures/fundamentation/image_registration/mapping.png Graphic file (type 
png)
 <use figures/fundamentation/image_registration/mapping.png>
Package pdftex.def Info: figures/fundamentation/image_registration/mapping.png 
used on input line 187.
(pdftex.def)             Requested size: 172.1427pt x 48.17987pt.

! Missing control sequence inserted.
<inserted text> 
                \inaccessible 
l.195 \font{
            \cite{ibanez2003itk}}
Please don't say `\def cs{...}', say `\def\cs{...}'.
I've inserted an inaccessible control sequence so that your
definition will be completed without mixing me up too badly.
You can recover graciously from this error, if you're
careful; see exercise 27.2 in The TeXbook.

! Font \inaccessible={ not loadable: Metric (TFM) file not found.
<to be read again> 
                   \protect 
l.195 \font{\cite
                 {ibanez2003itk}}
I wasn't able to read the size data for this font,
so I will ignore the font specification.
[Wizards can fix TFM files using TFtoPL/PLtoTF.]
You might try inserting a different font spec;
e.g., type `I\font<same font id>=<substitute font name>'.


LaTeX Warning: Citation `ibanez2003itk' on page 4 undefined on input line 195.

! Extra }, or forgotten \endgroup.
\sf@endfloatbox ...gefalse \outer@nobreak \egroup 
                                                  \color@endbox 
l.196 \end{figure}
                  
I've deleted a group-closing symbol because it seems to be
spurious, as in `$x}$'. But perhaps the } is legitimate and
you forgot something else, as in `\hbox{$x}'. In such cases
the way to recover is to insert both the forgotten and the
deleted material, e.g., by typing `I$}'.


LaTeX Warning: Citation `brown1992survey' on page 4 undefined on input line 200
.


LaTeX Warning: Citation `crum2014non' on page 4 undefined on input line 202.


LaTeX Warning: Citation `crum2014non' on page 4 undefined on input line 213.

[4 <./figures/fundamentation/image_registration/mapping.png>]
<figures/fundamentation/image_registration/fluxo.png, id=52, 381.67593pt x 173.
14688pt>
File: figures/fundamentation/image_registration/fluxo.png Graphic file (type pn
g)
 <use figures/fundamentation/image_registration/fluxo.png>
Package pdftex.def Info: figures/fundamentation/image_registration/fluxo.png us
ed on input line 233.
(pdftex.def)             Requested size: 190.8375pt x 86.57323pt.

! Undefined control sequence.
l.242 \fonte
            {\cite{parraga2008atlas}}
The control sequence at the end of the top line
of your error message was never \def'ed. If you have
misspelled it (e.g., `\hobx'), type `I' and the correct
spelling (e.g., `I\hbox'). Otherwise just continue,
and I'll forget about whatever was undefined.


LaTeX Warning: Citation `parraga2008atlas' on page 5 undefined on input line 24
2.


LaTeX Warning: Citation `ibanez2003itk' on page 5 undefined on input line 261.

[5 <./figures/fundamentation/image_registration/fluxo.png>]
<figures/fundamentation/image_registration/translate.png, id=67, 394.47375pt x 
203.76125pt>
File: figures/fundamentation/image_registration/translate.png Graphic file (typ
e png)
 <use figures/fundamentation/image_registration/translate.png>
Package pdftex.def Info: figures/fundamentation/image_registration/translate.pn
g used on input line 331.
(pdftex.def)             Requested size: 197.23639pt x 101.88037pt.

! Undefined control sequence.
l.338 \fonte
            {Elaborada pelo autor}
The control sequence at the end of the top line
of your error message was never \def'ed. If you have
misspelled it (e.g., `\hobx'), type `I' and the correct
spelling (e.g., `I\hbox'). Otherwise just continue,
and I'll forget about whatever was undefined.


<figures/fundamentation/image_registration/rotation.png, id=69, 211.79124pt x 2
53.94875pt>
File: figures/fundamentation/image_registration/rotation.png Graphic file (type
 png)
 <use figures/fundamentation/image_registration/rotation.png>
Package pdftex.def Info: figures/fundamentation/image_registration/rotation.png
 used on input line 366.
(pdftex.def)             Requested size: 105.89536pt x 126.97406pt.

[6 <./figures/fundamentation/image_registration/translate.png>]
<figures/fundamentation/image_registration/scale.png, id=84, 484.81125pt x 133.
49875pt>
File: figures/fundamentation/image_registration/scale.png Graphic file (type pn
g)
 <use figures/fundamentation/image_registration/scale.png>
Package pdftex.def Info: figures/fundamentation/image_registration/scale.png us
ed on input line 415.
(pdftex.def)             Requested size: 242.40503pt x 66.74919pt.

! Undefined control sequence.
l.422 \fonte
            {Elaborada pelo autor}
The control sequence at the end of the top line
of your error message was never \def'ed. If you have
misspelled it (e.g., `\hobx'), type `I' and the correct
spelling (e.g., `I\hbox'). Otherwise just continue,
and I'll forget about whatever was undefined.


LaTeX Warning: Citation `yin2009mass' on page 7 undefined on input line 431.


<figures/fundamentation/image_registration/displacement.png, id=85, 566.918pt x
 191.917pt>
File: figures/fundamentation/image_registration/displacement.png Graphic file (
type png)
 <use figures/fundamentation/image_registration/displacement.png>
Package pdftex.def Info: figures/fundamentation/image_registration/displacement
.png used on input line 438.
(pdftex.def)             Requested size: 283.4583pt x 95.95827pt.

! Undefined control sequence.
l.447 \fonte
            {\cite{schwarz2007non}}
The control sequence at the end of the top line
of your error message was never \def'ed. If you have
misspelled it (e.g., `\hobx'), type `I' and the correct
spelling (e.g., `I\hbox'). Otherwise just continue,
and I'll forget about whatever was undefined.


LaTeX Warning: Citation `schwarz2007non' on page 7 undefined on input line 447.


[7 <./figures/fundamentation/image_registration/rotation.png> <./figures/fundam
entation/image_registration/scale.png>]

LaTeX Warning: Citation `yin2009mass' on page 8 undefined on input line 517.

[8 <./figures/fundamentation/image_registration/displacement.png>]

LaTeX Warning: Citation `ibanez2003itk' on page 9 undefined on input line 529.


<figures/fundamentation/image_registration/ITKSoftwareGuide-Book2259x.png, id=1
17, 323.2075pt x 246.9225pt>
File: figures/fundamentation/image_registration/ITKSoftwareGuide-Book2259x.png 
Graphic file (type png)

<use figures/fundamentation/image_registration/ITKSoftwareGuide-Book2259x.png>
Package pdftex.def Info: figures/fundamentation/image_registration/ITKSoftwareG
uide-Book2259x.png used on input line 533.
(pdftex.def)             Requested size: 161.60335pt x 123.46094pt.

! Undefined control sequence.
l.541 \fonte
            {\cite{ibanez2003itk}}
The control sequence at the end of the top line
of your error message was never \def'ed. If you have
misspelled it (e.g., `\hobx'), type `I' and the correct
spelling (e.g., `I\hbox'). Otherwise just continue,
and I'll forget about whatever was undefined.


LaTeX Warning: Citation `ibanez2003itk' on page 9 undefined on input line 541.


LaTeX Warning: Citation `whitley1994genetic' on page 9 undefined on input line 
567.


LaTeX Warning: Citation `burges2005learning' on page 9 undefined on input line 
567.


LaTeX Warning: Citation `sheppard2008optimization' on page 9 undefined on input
 line 574.

[9 <./figures/fundamentation/image_registration/ITKSoftwareGuide-Book2259x.png>
]

LaTeX Warning: Citation `haralick1973textural' on page 10 undefined on input li
ne 610.


LaTeX Warning: Citation `sebastian2012gray' on page 10 undefined on input line 
613.


LaTeX Warning: Citation `albregtsen2008statistical' on page 10 undefined on inp
ut line 616.


LaTeX Warning: Citation `glcm_tutorial' on page 10 undefined on input line 618.



LaTeX Warning: Citation `sebastian2012gray' on page 10 undefined on input line 
625.


LaTeX Warning: Citation `albregtsen2008statistical' on page 10 undefined on inp
ut line 630.

[10]

LaTeX Warning: Citation `sebastian2012gray' on page 11 undefined on input line 
688.


LaTeX Warning: Citation `albregtsen2008statistical' on page 11 undefined on inp
ut line 694.


LaTeX Warning: Citation `haralick1973textural' on page 11 undefined on input li
ne 695.


LaTeX Warning: Citation `haralick1979statistical' on page 11 undefined on input
 line 695.


LaTeX Warning: Citation `conners1984segmentation' on page 11 undefined on input
 line 695.


LaTeX Warning: Citation `glcm_tutorial' on page 11 undefined on input line 696.


[11]

LaTeX Warning: Citation `fodor2002survey' on page 12 undefined on input line 77
0.


LaTeX Warning: Citation `fodor2002survey' on page 12 undefined on input line 77
7.


LaTeX Warning: Citation `scikit-learn-feat' on page 12 undefined on input line 
785.


LaTeX Warning: Citation `jackson2005user' on page 12 undefined on input line 79
4.

[12]

LaTeX Warning: Citation `fodor2002survey' on page 13 undefined on input line 81
0.


<figures/fundamentation/dimensionality_reduction/pca_samples.png, id=176, 350.3
0875pt x 350.30875pt>
File: figures/fundamentation/dimensionality_reduction/pca_samples.png Graphic f
ile (type png)

<use figures/fundamentation/dimensionality_reduction/pca_samples.png>
Package pdftex.def Info: figures/fundamentation/dimensionality_reduction/pca_sa
mples.png used on input line 862.
(pdftex.def)             Requested size: 175.15395pt x 175.15395pt.

! Undefined control sequence.
l.869 \fonte
            {Elaborada pelo autor}
The control sequence at the end of the top line
of your error message was never \def'ed. If you have
misspelled it (e.g., `\hobx'), type `I' and the correct
spelling (e.g., `I\hbox'). Otherwise just continue,
and I'll forget about whatever was undefined.

[13]
<figures/fundamentation/dimensionality_reduction/pca_samples_transformd.png, id
=190, 436.63126pt x 394.47375pt>
File: figures/fundamentation/dimensionality_reduction/pca_samples_transformd.pn
g Graphic file (type png)

<use figures/fundamentation/dimensionality_reduction/pca_samples_transformd.png
>
Package pdftex.def Info: figures/fundamentation/dimensionality_reduction/pca_sa
mples_transformd.png used on input line 875.
(pdftex.def)             Requested size: 218.3151pt x 197.23639pt.

! Undefined control sequence.
l.883 \fonte
            {Elaborada pelo autor}
The control sequence at the end of the top line
of your error message was never \def'ed. If you have
misspelled it (e.g., `\hobx'), type `I' and the correct
spelling (e.g., `I\hbox'). Otherwise just continue,
and I'll forget about whatever was undefined.


LaTeX Warning: Citation `raschkaLDA' on page 14 undefined on input line 901.


LaTeX Warning: Citation `fisher1936use' on page 14 undefined on input line 902.



LaTeX Warning: Citation `rao1948utilization' on page 14 undefined on input line
 904.

[14 <./figures/fundamentation/dimensionality_reduction/pca_samples.png> <./figu
res/fundamentation/dimensionality_reduction/pca_samples_transformd.png>]
<figures/fundamentation/dimensionality_reduction/wc.png, id=200, 160.9212pt x 2
40.9pt>
File: figures/fundamentation/dimensionality_reduction/wc.png Graphic file (type
 png)
 <use figures/fundamentation/dimensionality_reduction/wc.png>
Package pdftex.def Info: figures/fundamentation/dimensionality_reduction/wc.png
 used on input line 916.
(pdftex.def)             Requested size: 80.4604pt x 120.44969pt.

! Undefined control sequence.
l.923 \fonte
            {Elaborada pelo autor}
The control sequence at the end of the top line
of your error message was never \def'ed. If you have
misspelled it (e.g., `\hobx'), type `I' and the correct
spelling (e.g., `I\hbox'). Otherwise just continue,
and I'll forget about whatever was undefined.


<figures/fundamentation/dimensionality_reduction/bc.png, id=201, 319.594pt x 20
0.75pt>
File: figures/fundamentation/dimensionality_reduction/bc.png Graphic file (type
 png)
 <use figures/fundamentation/dimensionality_reduction/bc.png>
Package pdftex.def Info: figures/fundamentation/dimensionality_reduction/bc.png
 used on input line 930.
(pdftex.def)             Requested size: 143.81596pt x 90.33665pt.

! Undefined control sequence.
l.935 \fonte
            {Elaborada pelo autor}
The control sequence at the end of the top line
of your error message was never \def'ed. If you have
misspelled it (e.g., `\hobx'), type `I' and the correct
spelling (e.g., `I\hbox'). Otherwise just continue,
and I'll forget about whatever was undefined.


LaTeX Warning: Citation `raschkaLDA' on page 15 undefined on input line 947.

[15 <./figures/fundamentation/dimensionality_reduction/wc.png> <./figures/funda
mentation/dimensionality_reduction/bc.png>]
<figures/fundamentation/dimensionality_reduction/lda_samples.png, id=220, 350.3
0875pt x 350.30875pt>
File: figures/fundamentation/dimensionality_reduction/lda_samples.png Graphic f
ile (type png)

<use figures/fundamentation/dimensionality_reduction/lda_samples.png>
Package pdftex.def Info: figures/fundamentation/dimensionality_reduction/lda_sa
mples.png used on input line 998.
(pdftex.def)             Requested size: 175.15395pt x 175.15395pt.

! Undefined control sequence.
l.1003 \fonte
             {Elaborada pelo autor}
The control sequence at the end of the top line
of your error message was never \def'ed. If you have
misspelled it (e.g., `\hobx'), type `I' and the correct
spelling (e.g., `I\hbox'). Otherwise just continue,
and I'll forget about whatever was undefined.


<figures/fundamentation/dimensionality_reduction/lda_samples_transformed.png, i
d=221, 387.4475pt x 384.43625pt>
File: figures/fundamentation/dimensionality_reduction/lda_samples_transformed.p
ng Graphic file (type png)

<use figures/fundamentation/dimensionality_reduction/lda_samples_transformed.pn
g>
Package pdftex.def Info: figures/fundamentation/dimensionality_reduction/lda_sa
mples_transformed.png used on input line 1009.
(pdftex.def)             Requested size: 193.72327pt x 192.21765pt.

! Undefined control sequence.
l.1017 \fonte
             {Elaborada pelo autor}
The control sequence at the end of the top line
of your error message was never \def'ed. If you have
misspelled it (e.g., `\hobx'), type `I' and the correct
spelling (e.g., `I\hbox'). Otherwise just continue,
and I'll forget about whatever was undefined.

[16 <./figures/fundamentation/dimensionality_reduction/lda_samples.png>]

LaTeX Warning: Citation `cortes1995support' on page 17 undefined on input line 
1029.


LaTeX Warning: Citation `sklearn-svm' on page 17 undefined on input line 1039.


<figures/fundamentation/svm/plot_separating_hyperplane.png, id=232, 578.16pt x 
433.62pt>
File: figures/fundamentation/svm/plot_separating_hyperplane.png Graphic file (t
ype png)
 <use figures/fundamentation/svm/plot_separating_hyperplane.png>
Package pdftex.def Info: figures/fundamentation/svm/plot_separating_hyperplane.
png used on input line 1043.
(pdftex.def)             Requested size: 289.07928pt x 216.80946pt.

! Undefined control sequence.
l.1050 \fonte
             {\cite{sklearn-svm}}
The control sequence at the end of the top line
of your error message was never \def'ed. If you have
misspelled it (e.g., `\hobx'), type `I' and the correct
spelling (e.g., `I\hbox'). Otherwise just continue,
and I'll forget about whatever was undefined.


LaTeX Warning: Citation `sklearn-svm' on page 17 undefined on input line 1050.

[17 <./figures/fundamentation/dimensionality_reduction/lda_samples_transformed.
png>]

LaTeX Warning: Citation `giovannitcc' on page 18 undefined on input line 1054.

[18 <./figures/fundamentation/svm/plot_separating_hyperplane.png>]

LaTeX Warning: Citation `chaves2006extraccao' on page 19 undefined on input lin
e 1102.

<figures/fundamentation/svm/vetores.png, id=255, 162.206pt x 160.6pt>
File: figures/fundamentation/svm/vetores.png Graphic file (type png)

<use figures/fundamentation/svm/vetores.png>
Package pdftex.def Info: figures/fundamentation/svm/vetores.png used on input l
ine 1118.
(pdftex.def)             Requested size: 162.20558pt x 160.5996pt.

! Undefined control sequence.
l.1125 \fonte
             {Elaborada pelo autor}
The control sequence at the end of the top line
of your error message was never \def'ed. If you have
misspelled it (e.g., `\hobx'), type `I' and the correct
spelling (e.g., `I\hbox'). Otherwise just continue,
and I'll forget about whatever was undefined.


LaTeX Warning: Citation `giovannitcc' on page 19 undefined on input line 1136.


LaTeX Warning: Citation `haykin2001redes' on page 19 undefined on input line 11
44.

<figures/fundamentation/svm/nao_linear.png, id=259, 115.632pt x 126.03888pt>
File: figures/fundamentation/svm/nao_linear.png Graphic file (type png)

<use figures/fundamentation/svm/nao_linear.png>
Package pdftex.def Info: figures/fundamentation/svm/nao_linear.png used on inpu
t line 1150.
(pdftex.def)             Requested size: 115.63171pt x 126.03856pt.

! Undefined control sequence.
l.1157 \fonte
             {Elaborada pelo autor}
The control sequence at the end of the top line
of your error message was never \def'ed. If you have
misspelled it (e.g., `\hobx'), type `I' and the correct
spelling (e.g., `I\hbox'). Otherwise just continue,
and I'll forget about whatever was undefined.

[19 <./figures/fundamentation/svm/vetores.png>] [20 <./figures/fundamentation/s
vm/nao_linear.png>]
<figures/methodology/fluxograma_metodologia.png, id=279, 524.96124pt x 183.6862
5pt>
File: figures/methodology/fluxograma_metodologia.png Graphic file (type png)
 <use figures/methodology/fluxograma_metodologia.png>
Package pdftex.def Info: figures/methodology/fluxograma_metodologia.png used on
 input line 1184.
(pdftex.def)             Requested size: 262.47998pt x 91.84288pt.

! Undefined control sequence.
l.1193 \fonte
             {Elaborada pelo autor}
The control sequence at the end of the top line
of your error message was never \def'ed. If you have
misspelled it (e.g., `\hobx'), type `I' and the correct
spelling (e.g., `I\hbox'). Otherwise just continue,
and I'll forget about whatever was undefined.

LaTeX Font Info:    Try loading font information for T1+cmtt on input line 1207
.
(/usr/share/texmf/tex/latex/base/t1cmtt.fd
File: t1cmtt.fd 1999/05/25 v2.5h Standard LaTeX font definitions
)

LaTeX Warning: Citation `silvaasmd' on page 21 undefined on input line 1208.


LaTeX Warning: Citation `silva2014new' on page 21 undefined on input line 1209.



LaTeX Warning: Citation `silva2014new' on page 21 undefined on input line 1211.


<figures/methodology/protocol_mean.png, id=282, 371.88937pt x 295.1025pt>
File: figures/methodology/protocol_mean.png Graphic file (type png)

<use figures/methodology/protocol_mean.png>
Package pdftex.def Info: figures/methodology/protocol_mean.png used on input li
ne 1221.
(pdftex.def)             Requested size: 185.94423pt x 147.55087pt.

! Undefined control sequence.
l.1230 \fonte
             {\cite{silva2014new}}
The control sequence at the end of the top line
of your error message was never \def'ed. If you have
misspelled it (e.g., `\hobx'), type `I' and the correct
spelling (e.g., `I\hbox'). Otherwise just continue,
and I'll forget about whatever was undefined.


LaTeX Warning: Citation `silva2014new' on page 21 undefined on input line 1230.


[21

 <./figures/methodology/fluxograma_metodologia.png> <./figures/methodology/prot
ocol_mean.png>]
<figures/methodology/temp_matrix.png, id=295, 481.04718pt x 258.9675pt>
File: figures/methodology/temp_matrix.png Graphic file (type png)

<use figures/methodology/temp_matrix.png>
Package pdftex.def Info: figures/methodology/temp_matrix.png used on input line
 1244.
(pdftex.def)             Requested size: 360.7845pt x 194.22513pt.

! Undefined control sequence.
l.1253 \fonte
             {\cite{lincoln_thesis2015}}
The control sequence at the end of the top line
of your error message was never \def'ed. If you have
misspelled it (e.g., `\hobx'), type `I' and the correct
spelling (e.g., `I\hbox'). Otherwise just continue,
and I'll forget about whatever was undefined.


LaTeX Warning: Citation `lincoln_thesis2015' on page 22 undefined on input line
 1253.


LaTeX Warning: Citation `marques2012segmentaccao' on page 22 undefined on input
 line 1270.


LaTeX Warning: Citation `abramoff2004image' on page 22 undefined on input line 
1279.


LaTeX Warning: Citation `rasband1997bethesda' on page 22 undefined on input lin
e 1279.


<figures/methodology/segmentation_click.png, id=299, 267.24844pt x 200.24812pt>
File: figures/methodology/segmentation_click.png Graphic file (type png)
<use figures/methodology/segmentation_click.png>
Package pdftex.def Info: figures/methodology/segmentation_click.png used on inp
ut line 1295.
(pdftex.def)             Requested size: 133.62389pt x 100.12381pt.

<figures/methodology/roi_mask.png, id=300, 265.74281pt x 197.98969pt>
File: figures/methodology/roi_mask.png Graphic file (type png)

<use figures/methodology/roi_mask.png>
Package pdftex.def Info: figures/methodology/roi_mask.png used on input line 12
99.
(pdftex.def)             Requested size: 132.87108pt x 98.9946pt.

! Undefined control sequence.
l.1305 \fonte
             {\cite{lincoln_thesis2015}}
The control sequence at the end of the top line
of your error message was never \def'ed. If you have
misspelled it (e.g., `\hobx'), type `I' and the correct
spelling (e.g., `I\hbox'). Otherwise just continue,
and I'll forget about whatever was undefined.


LaTeX Warning: Citation `lincoln_thesis2015' on page 22 undefined on input line
 1305.

[22 <./figures/methodology/temp_matrix.png>]
<figures/methodology/series1.png, id=313, 642.4pt x 481.8pt>
File: figures/methodology/series1.png Graphic file (type png)

<use figures/methodology/series1.png>
Package pdftex.def Info: figures/methodology/series1.png used on input line 132
9.
(pdftex.def)             Requested size: 128.47772pt x 96.35829pt.

<figures/methodology/series2.png, id=314, 642.4pt x 481.8pt>
File: figures/methodology/series2.png Graphic file (type png)

<use figures/methodology/series2.png>
Package pdftex.def Info: figures/methodology/series2.png used on input line 133
5.
(pdftex.def)             Requested size: 128.47772pt x 96.35829pt.

<figures/methodology/series_diff.png, id=315, 642.4pt x 481.8pt>
File: figures/methodology/series_diff.png Graphic file (type png)

<use figures/methodology/series_diff.png>
Package pdftex.def Info: figures/methodology/series_diff.png used on input line
 1341.
(pdftex.def)             Requested size: 128.47772pt x 96.35829pt.

! Undefined control sequence.
l.1347 \fonte
             {Elaborada pelo autor.}
The control sequence at the end of the top line
of your error message was never \def'ed. If you have
misspelled it (e.g., `\hobx'), type `I' and the correct
spelling (e.g., `I\hbox'). Otherwise just continue,
and I'll forget about whatever was undefined.


LaTeX Warning: Reference `sec:fundamentation:image_registration:bspline_registr
ation' on page 23 undefined on input line 1353.

No file projeto.bbl.
[23 <./figures/methodology/segmentation_click.png> <./figures/methodology/roi_m
ask.png> <./figures/methodology/series1.png (PNG copy)> <./figures/methodology/
series2.png (PNG copy)> <./figures/methodology/series_diff.png (PNG copy)>]
Package atveryend Info: Empty hook `BeforeClearDocument' on input line 1365.
Package atveryend Info: Empty hook `AfterLastShipout' on input line 1365.

(./projeto.aux)
Package atveryend Info: Executing hook `AtVeryEndDocument' on input line 1365.
Package atveryend Info: Empty hook `AtEndAfterFileList' on input line 1365.


LaTeX Warning: There were undefined references.

Package atveryend Info: Empty hook `AtVeryVeryEnd' on input line 1365.
 ) 
Here is how much of TeX's memory you used:
 13393 strings out of 493315
 199962 string characters out of 6145894
 319708 words of memory out of 5000000
 16513 multiletter control sequences out of 15000+600000
 18032 words of font info for 42 fonts, out of 8000000 for 9000
 957 hyphenation exceptions out of 8191
 47i,10n,47p,452b,438s stack positions out of 5000i,500n,10000p,200000b,80000s
{/usr/share/texmf/fonts/enc/dvips/cm-super/cm-super-t1.enc}{/usr/share/texmf/
fonts/enc/dvips/cm-super/cm-super-ts1.enc}</usr/share/texmf/fonts/type1/public/
amsfonts/cm/cmex10.pfb></usr/share/texmf/fonts/type1/public/amsfonts/cm/cmmi10.
pfb></usr/share/texmf/fonts/type1/public/amsfonts/cm/cmmi5.pfb></usr/share/texm
f/fonts/type1/public/amsfonts/cm/cmmi7.pfb></usr/share/texmf/fonts/type1/public
/amsfonts/cm/cmr10.pfb></usr/share/texmf/fonts/type1/public/amsfonts/cm/cmr7.pf
b></usr/share/texmf/fonts/type1/public/amsfonts/cm/cmsy10.pfb></usr/share/texmf
/fonts/type1/public/amsfonts/cm/cmsy7.pfb></usr/share/texmf/fonts/type1/public/
amsfonts/symbols/msbm10.pfb></usr/share/texmf/fonts/type1/public/cm-super/sfbi1
000.pfb></usr/share/texmf/fonts/type1/public/cm-super/sfbx1000.pfb></usr/share/
texmf/fonts/type1/public/cm-super/sfrm0800.pfb></usr/share/texmf/fonts/type1/pu
blic/cm-super/sfrm1000.pfb></usr/share/texmf/fonts/type1/public/cm-super/sfsi10
00.pfb></usr/share/texmf/fonts/type1/public/cm-super/sfsi1095.pfb></usr/share/t
exmf/fonts/type1/public/cm-super/sfsi1200.pfb></usr/share/texmf/fonts/type1/pub
lic/cm-super/sfss1000.pfb></usr/share/texmf/fonts/type1/public/cm-super/sfss109
5.pfb></usr/share/texmf/fonts/type1/public/cm-super/sfss1200.pfb></usr/share/te
xmf/fonts/type1/public/cm-super/sfss2074.pfb></usr/share/texmf/fonts/type1/publ
ic/cm-super/sfti1000.pfb></usr/share/texmf/fonts/type1/public/cm-super/sftt1000
.pfb>
Output written on projeto.pdf (23 pages, 1971845 bytes).
PDF statistics:
 529 PDF objects out of 1000 (max. 8388607)
 436 compressed objects within 5 object streams
 138 named destinations out of 1000 (max. 500000)
 390 words of extra memory for PDF output out of 10000 (max. 10000000)

