This is pdfTeX, Version 3.14159265-2.6-1.40.16 (TeX Live 2015/Debian) (preloaded format=pdflatex 2016.3.1)  21 MAR 2016 16:57
entering extended mode
 restricted \write18 enabled.
 %&-line parsing enabled.
**projeto.tex
(./projeto.tex
LaTeX2e <2015/01/01>
Babel <3.9l> and hyphenation patterns for 79 languages loaded.
(./abntex2ppgsi.cls
(/usr/share/texlive/texmf-dist/tex/latex/anyfontsize/anyfontsize.sty
Package: anyfontsize 2007/11/22 anyfontsize.sty by pts
)
Document Class: abntex2ppgsi 2014/01/26 v1.9.2 abnTeX2
(/usr/share/texlive/texmf-dist/tex/latex/base/ifthen.sty
Package: ifthen 2014/09/29 v1.1c Standard LaTeX ifthen package (DPC)
)
(/usr/share/texlive/texmf-dist/tex/latex/memoir/memoir.cls
Document Class: memoir 2015/04/23 v3.7d configurable book, report, article docu
ment class
\onelineskip=\skip41
\lxvchars=\skip42
\xlvchars=\skip43
\@memcnta=\count79
\c@@memmarkcntra=\count80
(/usr/share/texlive/texmf-dist/tex/generic/oberdiek/ifpdf.sty
Package: ifpdf 2011/01/30 v2.3 Provides the ifpdf switch (HO)
Package ifpdf Info: pdfTeX in PDF mode is detected.
)
(/usr/share/texlive/texmf-dist/tex/latex/ifetex/ifetex.sty
Package: ifetex 2011/12/15 v1.2 ifetex

(/usr/share/texlive/texmf-dist/tex/plain/ifetex/ifetex.tex))
(/usr/share/texlive/texmf-dist/tex/generic/ifxetex/ifxetex.sty
Package: ifxetex 2010/09/12 v0.6 Provides ifxetex conditional
)
(/usr/share/texlive/texmf-dist/tex/generic/oberdiek/ifluatex.sty
Package: ifluatex 2010/03/01 v1.3 Provides the ifluatex switch (HO)
Package ifluatex Info: LuaTeX not detected.
)
\stockheight=\skip44
\stockwidth=\skip45
\trimtop=\skip46
\trimedge=\skip47

(/usr/share/texlive/texmf-dist/tex/latex/etex-pkg/etex.sty
Package: etex 2015/03/02 v2.1 eTeX basic definition package (PEB,DPC)
\et@xins=\count81
)
(/usr/share/texlive/texmf-dist/tex/latex/memoir/mem12.clo
File: mem12.clo 2010/10/19 v0.4b memoir class 12pt size option
)
\binding=\skip48
\spinemargin=\skip49
\foremargin=\skip50
\uppermargin=\skip51
\lowermargin=\skip52
\headdrop=\skip53
\normalrulethickness=\skip54
\mem@maxheadheight=\skip55
\mem@maxfootheight=\skip56
\headwidth=\skip57
\c@storedpagenumber=\count82
\memPD=\dimen102
\m@mabparskip=\skip58
\thanksmarkwidth=\skip59
\thanksmarksep=\skip60
\droptitle=\skip61
\c@book=\count83
\c@part=\count84
\c@chapter=\count85
\c@section=\count86
\c@subsection=\count87
\c@subsubsection=\count88
\c@paragraph=\count89
\c@subparagraph=\count90
\beforechapskip=\skip62
\midchapskip=\skip63
\afterchapskip=\skip64
\chapindent=\skip65
\bottomsectionskip=\skip66
\secindent=\skip67
\beforesecskip=\skip68
\aftersecskip=\skip69
\subsecindent=\skip70
\beforesubsecskip=\skip71
\aftersubsecskip=\skip72
\subsubsecindent=\skip73
\beforesubsubsecskip=\skip74
\aftersubsubsecskip=\skip75
\paraindent=\skip76
\beforeparaskip=\skip77
\afterparaskip=\skip78
\subparaindent=\skip79
\beforesubparaskip=\skip80
\aftersubparaskip=\skip81
\pfbreakskip=\skip82
\c@@ppsavesec=\count91
\c@@ppsaveapp=\count92
\ragrparindent=\dimen103
\everylistparindent=\dimen104
\parsepi=\skip83
\topsepi=\skip84
\itemsepi=\skip85
\parsepii=\skip86
\topsepii=\skip87
\topsepiii=\skip88
\itemsepii=\skip89
\itemsepiii=\skip90
\partopsepii=\skip91
\partopsepiii=\skip92
\m@msavetopsep=\skip93
\m@msavepartopsep=\skip94
\@enLab=\toks14
\abstitleskip=\skip95
\absleftindent=\skip96
\abs@leftindent=\dimen105
\absrightindent=\skip97
\absparindent=\skip98
\absparsep=\skip99
\c@vslineno=\count93
\c@poemline=\count94
\c@modulo@vs=\count95
\c@memfvsline=\count96
\vleftskip=\skip100
\vrightskip=\skip101
\stanzaskip=\skip102
\versewidth=\skip103
\vgap=\skip104
\vindent=\skip105
\vleftmargin=\dimen106
\c@verse=\count97
\c@chrsinstr=\count98
\beforepoemtitleskip=\skip106
\afterpoemtitleskip=\skip107
\c@poem=\count99
\beforePoemTitleskip=\skip108
\midPoemTitleskip=\skip109
\afterPoemTitleskip=\skip110
\col@sep=\dimen107
\extrarowheight=\dimen108
\NC@list=\toks15
\extratabsurround=\skip111
\backup@length=\skip112
\TX@col@width=\dimen109
\TX@old@table=\dimen110
\TX@old@col=\dimen111
\TX@target=\dimen112
\TX@delta=\dimen113
\TX@cols=\count100
\TX@ftn=\toks16
\heavyrulewidth=\dimen114
\lightrulewidth=\dimen115
\cmidrulewidth=\dimen116
\belowrulesep=\dimen117
\belowbottomsep=\dimen118
\aboverulesep=\dimen119
\abovetopsep=\dimen120
\cmidrulesep=\dimen121
\cmidrulekern=\dimen122
\defaultaddspace=\dimen123
\@cmidla=\count101
\@cmidlb=\count102
\@aboverulesep=\dimen124
\@belowrulesep=\dimen125
\@thisruleclass=\count103
\@lastruleclass=\count104
\@thisrulewidth=\dimen126
\ctableftskip=\skip113
\ctabrightskip=\skip114
\abovecolumnspenalty=\count105
\@linestogo=\count106
\@cellstogo=\count107
\@cellsincolumn=\count108
\crtok=\toks17
\@mincolumnwidth=\dimen127
\c@newflo@tctr=\count109
\mem@margin@floatbox=\box26
\@contcwidth=\skip115
\@contindw=\skip116
\abovecaptionskip=\skip117
\belowcaptionskip=\skip118
\subfloattopskip=\skip119
\subfloatcapskip=\skip120
\subfloatcaptopadj=\skip121
\subfloatbottomskip=\skip122
\subfloatlabelskip=\skip123
\subfloatcapmargin=\dimen128
\c@@contsubnum=\count110
\m@mscap@capbox=\box27
\m@mscap@fbox=\box28
\sidecapsep=\dimen129
\sidecapwidth=\dimen130
\m@m@tempdima=\dimen131
\m@mscapraise=\dimen132
\sidecapraise=\dimen133
\m@mscapmainwidth=\dimen134
\m@mscaplkern=\dimen135
\beforeepigraphskip=\skip124
\afterepigraphskip=\skip125
\epigraphwidth=\skip126
\epigraphrule=\skip127
LaTeX Info: Redefining \em on input line 7533.
LaTeX Info: Redefining \emph on input line 7541.
\tocentryskip=\skip128
\tocbaseline=\skip129
\cftparskip=\skip130
\cftbeforebookskip=\skip131
\cftbookindent=\dimen136
\cftbooknumwidth=\dimen137
\cftbeforepartskip=\skip132
\cftpartindent=\skip133
\cftpartnumwidth=\skip134
\cftbeforechapterskip=\skip135
\cftchapterindent=\skip136
\cftchapternumwidth=\skip137
\cftbeforesectionskip=\skip138
\cftsectionindent=\skip139
\cftsectionnumwidth=\skip140
\cftbeforesubsectionskip=\skip141
\cftsubsectionindent=\skip142
\cftsubsectionnumwidth=\skip143
\cftbeforesubsubsectionskip=\skip144
\cftsubsubsectionindent=\skip145
\cftsubsubsectionnumwidth=\skip146
\cftbeforeparagraphskip=\skip147
\cftparagraphindent=\skip148
\cftparagraphnumwidth=\skip149
\cftbeforesubparagraphskip=\skip150
\cftsubparagraphindent=\skip151
\cftsubparagraphnumwidth=\skip152
\prechapterprecisshift=\dimen138
\c@maxsecnumdepth=\count111
\bibindent=\dimen139
\bibitemsep=\skip153
\indexcolsep=\skip154
\indexrule=\skip155
\indexmarkstyle=\toks18
\@indexbox=\insert233
\glossarycolsep=\dimen140
\glossaryrule=\dimen141
\sideparvshift=\skip156
\sideins=\insert232
\sidebartopsep=\skip157
\sidebarhsep=\skip158
\sidebarvsep=\skip159
\sidebarwidth=\skip160
\footmarkwidth=\skip161
\footmarksep=\skip162
\footparindent=\skip163
\footinsdim=\skip164
\footinsv@r=\insert231
\@mpfootinsv@r=\insert230
\m@m@k=\count112
\m@m@h=\dimen142
\m@mipn@skip=\skip165
\sidefootins=\insert229
\sidefootadjust=\skip166
\sidefootheight=\skip167
\sidefoothsep=\skip168
\sidefootvsep=\skip169
\sidefootwidth=\skip170
\m@mdownsf=\skip171
\c@sidefootnote=\count113
\sidefootmarkwidth=\skip172
\sidefootmarksep=\skip173
\sidefootparindent=\skip174
\c@pagenote=\count114
\c@pagenoteshadow=\count115
\mem@pn@lastkern=\skip175
\every@verbatim=\toks19
\afterevery@verbatim=\toks20
\verbatim@line=\toks21
\tab@position=\count116
\verbatim@in@stream=\read1
\verbatimindent=\skip176
\verbatim@out=\write3
\bvboxsep=\skip177
\c@memfbvline=\count117
\c@bvlinectr=\count118
\bvnumlength=\skip178
\fb@frw=\dimen143
\fb@frh=\dimen144
\FrameRule=\dimen145
\FrameSep=\dimen146
\c@cp@cntr=\count119
LaTeX Info: Redefining \: on input line 12050.
LaTeX Info: Redefining \! on input line 12052.
\c@ism@mctr=\count120
\c@xsm@mctr=\count121
\c@csm@mctr=\count122
\c@ksm@mctr=\count123
\c@xksm@mctr=\count124
\c@cksm@mctr=\count125
\c@msm@mctr=\count126
\c@xmsm@mctr=\count127
\c@cmsm@mctr=\count128
\c@bsm@mctr=\count129
\c@workm@mctr=\count130
\c@sheetsequence=\count131
\c@lastsheet=\count132
\c@lastpage=\count133
\c@figure=\count134
\c@lofdepth=\count135
\cftbeforefigureskip=\skip179
\cftfigureindent=\skip180
\cftfigurenumwidth=\skip181
\c@table=\count136
\c@lotdepth=\count137
\cftbeforetableskip=\skip182
\cfttableindent=\skip183
\cfttablenumwidth=\skip184
Package abstract [2008/07/23] emulated by memoir.
Package appendix [2008/07/23] emulated by memoir.
Package array [2008/09/09] emulated by memoir.
Package booktabs [2008/07/23] emulated by memoir.
Package ccaption [2008/07/23] emulated by memoir.
Package changepage [2008/07/23] emulated by memoir.
Package chngcntr [2008/07/23] emulated by memoir.
Package chngpage [2008/07/23] emulated by memoir.
Package crop emulated by memoir.
Package dcolumn [2008/07/23] emulated by memoir.
Package delarray [2008/07/23] emulated by memoir.
Package enumerate [2008/07/23] emulated by memoir.
Package epigraph [2008/07/23] emulated by memoir.
Package ifmtarg [2008/07/23] emulated by memoir.
Package index [2008/07/23] emulated by memoir.
Package makeidx [2008/07/23] emulated by memoir.
Package moreverb [2008/07/23] emulated by memoir.
Package mparhack [2008/07/23] emulated by memoir.
Package needspace [2008/07/23] emulated by memoir.
Package newfile [2008/07/23] emulated by memoir.
Package nextpage [2008/07/23] emulated by memoir.
Package pagenote [2008/07/23] emulated by memoir.
Package parskip [2008/07/23] emulated by memoir.
Package patchcmd [2008/07/23] emulated by memoir.
Package setspace [2008/07/23] emulated by memoir.
Package shortvrb [2008/07/23] emulated by memoir.
Package showidx [2008/07/23] emulated by memoir.
Package tabularx [2008/07/23] emulated by memoir.
Package titleref [2008/07/23] emulated by memoir.
Package titling [2008/07/23] emulated by memoir.
Package tocbibind [2008/07/23] emulated by memoir.
Package tocloft [2008/07/23] emulated by memoir.
Package tocvsec2 [2008/07/23] emulated by memoir.
Package verbatim [2008/07/23] emulated by memoir.
Package verse [2008/07/23] emulated by memoir.

(/usr/share/texlive/texmf-dist/tex/latex/memoir/mempatch.sty
Package: mempatch 2009/07/24 v6.0f Patches for memoir class v1.6180339
))
(/usr/share/texlive/texmf-dist/tex/latex/textcase/textcase.sty
Package: textcase 2004/10/07 v0.07 Text only upper/lower case changing (DPC)
LaTeX Info: Redefining \MakeTextUppercase on input line 47.
LaTeX Info: Redefining \MakeTextLowercase on input line 50.
)
(/usr/share/texlive/texmf-dist/tex/latex/hyperref/hyperref.sty
Package: hyperref 2012/11/06 v6.83m Hypertext links for LaTeX

(/usr/share/texlive/texmf-dist/tex/generic/oberdiek/hobsub-hyperref.sty
Package: hobsub-hyperref 2012/05/28 v1.13 Bundle oberdiek, subset hyperref (HO)


(/usr/share/texlive/texmf-dist/tex/generic/oberdiek/hobsub-generic.sty
Package: hobsub-generic 2012/05/28 v1.13 Bundle oberdiek, subset generic (HO)
Package: hobsub 2012/05/28 v1.13 Construct package bundles (HO)
Package: infwarerr 2010/04/08 v1.3 Providing info/warning/error messages (HO)
Package: ltxcmds 2011/11/09 v1.22 LaTeX kernel commands for general use (HO)
Package hobsub Info: Skipping package `ifluatex' (already loaded).
Package: ifvtex 2010/03/01 v1.5 Detect VTeX and its facilities (HO)
Package ifvtex Info: VTeX not detected.
Package: intcalc 2007/09/27 v1.1 Expandable calculations with integers (HO)
Package hobsub Info: Skipping package `ifpdf' (already loaded).
Package: etexcmds 2011/02/16 v1.5 Avoid name clashes with e-TeX commands (HO)
Package etexcmds Info: Could not find \expanded.
(etexcmds)             That can mean that you are not using pdfTeX 1.50 or
(etexcmds)             that some package has redefined \expanded.
(etexcmds)             In the latter case, load this package earlier.
Package: kvsetkeys 2012/04/25 v1.16 Key value parser (HO)
Package: kvdefinekeys 2011/04/07 v1.3 Define keys (HO)
Package: pdftexcmds 2011/11/29 v0.20 Utility functions of pdfTeX for LuaTeX (HO
)
Package pdftexcmds Info: LuaTeX not detected.
Package pdftexcmds Info: \pdf@primitive is available.
Package pdftexcmds Info: \pdf@ifprimitive is available.
Package pdftexcmds Info: \pdfdraftmode found.
Package: pdfescape 2011/11/25 v1.13 Implements pdfTeX's escape features (HO)
Package: bigintcalc 2012/04/08 v1.3 Expandable calculations on big integers (HO
)
Package: bitset 2011/01/30 v1.1 Handle bit-vector datatype (HO)
Package: uniquecounter 2011/01/30 v1.2 Provide unlimited unique counter (HO)
)
Package hobsub Info: Skipping package `hobsub' (already loaded).
Package: letltxmacro 2010/09/02 v1.4 Let assignment for LaTeX macros (HO)
Package: hopatch 2012/05/28 v1.2 Wrapper for package hooks (HO)
Package: xcolor-patch 2011/01/30 xcolor patch
Package: atveryend 2011/06/30 v1.8 Hooks at the very end of document (HO)
Package atveryend Info: \enddocument detected (standard20110627).
Package: atbegshi 2011/10/05 v1.16 At begin shipout hook (HO)
Package: refcount 2011/10/16 v3.4 Data extraction from label references (HO)
Package: hycolor 2011/01/30 v1.7 Color options for hyperref/bookmark (HO)
)
(/usr/share/texlive/texmf-dist/tex/latex/graphics/keyval.sty
Package: keyval 2014/10/28 v1.15 key=value parser (DPC)
\KV@toks@=\toks22
)
(/usr/share/texlive/texmf-dist/tex/latex/oberdiek/auxhook.sty
Package: auxhook 2011/03/04 v1.3 Hooks for auxiliary files (HO)
)
(/usr/share/texlive/texmf-dist/tex/latex/oberdiek/kvoptions.sty
Package: kvoptions 2011/06/30 v3.11 Key value format for package options (HO)
)
\@linkdim=\dimen147
\Hy@linkcounter=\count138
\Hy@pagecounter=\count139

(/usr/share/texlive/texmf-dist/tex/latex/hyperref/pd1enc.def
File: pd1enc.def 2012/11/06 v6.83m Hyperref: PDFDocEncoding definition (HO)
)
\Hy@SavedSpaceFactor=\count140

(/usr/share/texlive/texmf-dist/tex/latex/latexconfig/hyperref.cfg
File: hyperref.cfg 2002/06/06 v1.2 hyperref configuration of TeXLive
)
Package hyperref Info: Hyper figures OFF on input line 4443.
Package hyperref Info: Link nesting OFF on input line 4448.
Package hyperref Info: Hyper index ON on input line 4451.
Package hyperref Info: Plain pages OFF on input line 4458.
Package hyperref Info: Backreferencing OFF on input line 4463.
Package hyperref Info: Implicit mode ON; LaTeX internals redefined.
Package hyperref Info: Bookmarks ON on input line 4688.
\c@Hy@tempcnt=\count141

(/usr/share/texlive/texmf-dist/tex/latex/url/url.sty
\Urlmuskip=\muskip10
Package: url 2013/09/16  ver 3.4  Verb mode for urls, etc.
)
LaTeX Info: Redefining \url on input line 5041.
\XeTeXLinkMargin=\dimen148
\Fld@menulength=\count142
\Field@Width=\dimen149
\Fld@charsize=\dimen150
Package hyperref Info: Hyper figures OFF on input line 6295.
Package hyperref Info: Link nesting OFF on input line 6300.
Package hyperref Info: Hyper index ON on input line 6303.
Package hyperref Info: backreferencing OFF on input line 6310.
Package hyperref Info: Link coloring OFF on input line 6315.
Package hyperref Info: Link coloring with OCG OFF on input line 6320.
Package hyperref Info: PDF/A mode OFF on input line 6325.
LaTeX Info: Redefining \ref on input line 6365.
LaTeX Info: Redefining \pageref on input line 6369.
\Hy@abspage=\count143
\c@Item=\count144
\c@Hfootnote=\count145
)
(/usr/share/texlive/texmf-dist/tex/latex/memoir/memhfixc.sty
Package: memhfixc 2013/05/30 v1.17 nameref/hyperref package fixes for memoir cl
ass
\c@memhycontfloat=\count146
\c@Hpagenote=\count147
)

Package hyperref Message: Driver (autodetected): hpdftex.

(/usr/share/texlive/texmf-dist/tex/latex/hyperref/hpdftex.def
File: hpdftex.def 2012/11/06 v6.83m Hyperref driver for pdfTeX
\Fld@listcount=\count148
\c@bookmark@seq@number=\count149

(/usr/share/texlive/texmf-dist/tex/latex/oberdiek/rerunfilecheck.sty
Package: rerunfilecheck 2011/04/15 v1.7 Rerun checks for auxiliary files (HO)
Package uniquecounter Info: New unique counter `rerunfilecheck' on input line 2
82.
)
\Hy@SectionHShift=\skip185
)
(/usr/share/texlive/texmf-dist/tex/latex/oberdiek/bookmark.sty
Package: bookmark 2011/12/02 v1.24 PDF bookmarks (HO)

(/usr/share/texlive/texmf-dist/tex/latex/oberdiek/bkm-pdftex.def
File: bkm-pdftex.def 2011/12/02 v1.24 bookmark driver for pdfTeX (HO)
\BKM@id=\count150
))
(/usr/share/texlive/texmf-dist/tex/generic/babel/babel.sty
Package: babel 2014/09/25 3.9l The Babel package

(/usr/share/texlive/texmf-dist/tex/generic/babel-english/english.ldf
Language: english 2012/08/20 v3.3p English support from the babel system

(/usr/share/texlive/texmf-dist/tex/generic/babel/babel.def
File: babel.def 2014/09/25 3.9l Babel common definitions
\babel@savecnt=\count151
\U@D=\dimen151
)
\l@canadian = a dialect from \language\l@american 
\l@australian = a dialect from \language\l@british 
\l@newzealand = a dialect from \language\l@british 
)
(/usr/share/texlive/texmf-dist/tex/generic/babel-portuges/portuges.ldf
Language: portuges 2008/03/18 v1.2q Portuguese support from the babel system
\l@brazil = a dialect from \language\l@portuges 
Package babel Info: Making " an active character on input line 145.
))
(/usr/share/texlive/texmf-dist/tex/latex/enumitem/enumitem.sty
Package: enumitem 2011/09/28 v3.5.2 Customized lists
\labelindent=\skip186
\enit@outerparindent=\dimen152
\enit@toks=\toks23
\enit@inbox=\box29
\enitdp@description=\count152
)
(/usr/share/texlive/texmf-dist/tex/latex/tools/calc.sty
Package: calc 2014/10/28 v4.3 Infix arithmetic (KKT,FJ)
\calc@Acount=\count153
\calc@Bcount=\count154
\calc@Adimen=\dimen153
\calc@Bdimen=\dimen154
\calc@Askip=\skip187
\calc@Bskip=\skip188
LaTeX Info: Redefining \setlength on input line 80.
LaTeX Info: Redefining \addtolength on input line 81.
\calc@Ccount=\count155
\calc@Cskip=\skip189
)

******************************************************
Stock height and width: 845.04684pt by 597.50787pt
Top and edge trims: 0pt and 0pt
Page height and width: 845.04684pt by 597.50787pt
Text height and width: 708pt by 455pt
Spine and edge margins: 85.35826pt and 56.9055pt
Upper and lower margins: 85.35826pt and 51.68858pt
Headheight and headsep: 14.5pt and 19.8738pt
Footskip: 30pt
Columnsep and columnseprule: 10pt and 0pt
Marginparsep and marginparwidth: 7pt and 42.9055pt
Sidecapsep and sidecapwidth: 7pt and 42pt
Sidebarhsep and sidebarwidth: 7pt and 42pt
Sidebarvsep and sidebartopsep: 14.5pt and 0pt
Sidebarheight: 590.14995pt
Sidefoothsep and sidefootwidth: 7pt and 42pt
Sidefootvsep and sidefootheight: 14.5pt and 590.14995pt
******************************************************

\c@abntex@bookmarkcounter=\count156
\cftlastnumwidth=\skip190
\chapternamenumlength=\skip191
\ABNTEXcitacaorecuo=\skip192
\c@alineasi=\count157
\c@alineasii=\count158
\enitdp@alineas=\count159
\c@subalineasi=\count160
\enitdp@subalineas=\count161
\c@incisosi=\count162
\enitdp@incisos=\count163
\ABNTEXsignwidth=\skip193
\ABNTEXsignthickness=\skip194
\ABNTEXsignskip=\skip195
(/usr/share/texlive/texmf-dist/tex/latex/algorithms/algorithm.sty
Package: algorithm 2009/08/24 v0.1 Document Style `algorithm' - floating enviro
nment

(/usr/share/texlive/texmf-dist/tex/latex/float/float.sty
Package: float 2001/11/08 v1.3d Float enhancements (AL)
\c@float@type=\count164
\float@exts=\toks24
\float@box=\box30
\@float@everytoks=\toks25
\@floatcapt=\box31
)
\@float@every@algorithm=\toks26
\c@algorithm=\count165
))
(/usr/share/texlive/texmf-dist/tex/latex/base/fontenc.sty
Package: fontenc 2005/09/27 v1.99g Standard LaTeX package

(/usr/share/texlive/texmf-dist/tex/latex/base/t1enc.def
File: t1enc.def 2005/09/27 v1.99g Standard LaTeX file
LaTeX Font Info:    Redeclaring font encoding T1 on input line 48.
))
(/usr/share/texlive/texmf-dist/tex/latex/base/inputenc.sty
Package: inputenc 2015/03/17 v1.2c Input encoding file
\inpenc@prehook=\toks27
\inpenc@posthook=\toks28

(/usr/share/texlive/texmf-dist/tex/latex/base/latin1.def
File: latin1.def 2015/03/17 v1.2c Input encoding file
))
(/usr/share/texlive/texmf-dist/tex/latex/lastpage/lastpage.sty
Package: lastpage 2015/03/29 v1.2m Refers to last page's name (HMM; JPG)
)
(/usr/share/texlive/texmf-dist/tex/latex/tools/indentfirst.sty
Package: indentfirst 1995/11/23 v1.03 Indent first paragraph (DPC)
)
(/usr/share/texlive/texmf-dist/tex/latex/graphics/color.sty
Package: color 2014/10/28 v1.1a Standard LaTeX Color (DPC)

(/usr/share/texlive/texmf-dist/tex/latex/latexconfig/color.cfg
File: color.cfg 2007/01/18 v1.5 color configuration of teTeX/TeXLive
)
Package color Info: Driver file: pdftex.def on input line 142.

(/usr/share/texlive/texmf-dist/tex/latex/pdftex-def/pdftex.def
File: pdftex.def 2011/05/27 v0.06d Graphics/color for pdfTeX
\Gread@gobject=\count166
))
(/usr/share/texlive/texmf-dist/tex/latex/graphics/graphicx.sty
Package: graphicx 2014/10/28 v1.0g Enhanced LaTeX Graphics (DPC,SPQR)

(/usr/share/texlive/texmf-dist/tex/latex/graphics/graphics.sty
Package: graphics 2014/10/28 v1.0p Standard LaTeX Graphics (DPC,SPQR)

(/usr/share/texlive/texmf-dist/tex/latex/graphics/trig.sty
Package: trig 1999/03/16 v1.09 sin cos tan (DPC)
)
(/usr/share/texlive/texmf-dist/tex/latex/latexconfig/graphics.cfg
File: graphics.cfg 2010/04/23 v1.9 graphics configuration of TeX Live
)
Package graphics Info: Driver file: pdftex.def on input line 94.
)
\Gin@req@height=\dimen155
\Gin@req@width=\dimen156
)
(/usr/share/texlive/texmf-dist/tex/latex/microtype/microtype.sty
Package: microtype 2013/05/23 v2.5a Micro-typographical refinements (RS)
\MT@toks=\toks29
\MT@count=\count167
LaTeX Info: Redefining \textls on input line 766.
\MT@outer@kern=\dimen157
LaTeX Info: Redefining \textmicrotypecontext on input line 1285.
\MT@listname@count=\count168

(/usr/share/texlive/texmf-dist/tex/latex/microtype/microtype-pdftex.def
File: microtype-pdftex.def 2013/05/23 v2.5a Definitions specific to pdftex (RS)

LaTeX Info: Redefining \lsstyle on input line 915.
LaTeX Info: Redefining \lslig on input line 915.
\MT@outer@space=\skip196
)
Package microtype Info: Loading configuration file microtype.cfg.

(/usr/share/texlive/texmf-dist/tex/latex/microtype/microtype.cfg
File: microtype.cfg 2013/05/23 v2.5a microtype main configuration file (RS)
))
(/usr/share/texlive/texmf-dist/tex/latex/pdfpages/pdfpages.sty
Package: pdfpages 2015/06/15 v0.4y Insert pages of external PDF documents (AM)

(/usr/share/texlive/texmf-dist/tex/latex/eso-pic/eso-pic.sty
Package: eso-pic 2015/04/20 v2.0e eso-pic (RN)
)
\AM@pagewidth=\dimen158
\AM@pageheight=\dimen159

(/usr/share/texlive/texmf-dist/tex/latex/pdfpages/pppdftex.def
File: pppdftex.def 2015/06/15 v0.4y Pdfpages driver for pdfTeX (AM)
)
(/usr/share/texlive/texmf-dist/tex/latex/oberdiek/pdflscape.sty
Package: pdflscape 2008/08/11 v0.10 Display of landscape pages in PDF (HO)

(/usr/share/texlive/texmf-dist/tex/latex/graphics/lscape.sty
Package: lscape 2000/10/22 v3.01 Landscape Pages (DPC)
)
Package pdflscape Info: Auto-detected driver: pdftex on input line 80.
)
\AM@pagebox=\box32
\AM@toc@title=\toks30
\c@AM@survey=\count169
\AM@templatesizebox=\box33
)
(/usr/share/texlive/texmf-dist/tex/latex/mdwtools/mdwlist.sty
Package: mdwlist 1996/05/02 1.1 Various list-related things
)
(/usr/share/texlive/texmf-dist/tex/latex/algorithmicx/algpseudocode.sty
Package: algpseudocode 

(/usr/share/texlive/texmf-dist/tex/latex/algorithmicx/algorithmicx.sty
Package: algorithmicx 2005/04/27 v1.2 Algorithmicx

Document Style algorithmicx 1.2 - a greatly improved `algorithmic' style
\c@ALG@line=\count170
\c@ALG@rem=\count171
\c@ALG@nested=\count172
\ALG@tlm=\skip197
\ALG@thistlm=\skip198
\c@ALG@Lnr=\count173
\c@ALG@blocknr=\count174
\c@ALG@storecount=\count175
\c@ALG@tmpcounter=\count176
\ALG@tmplength=\skip199
)
Document Style - pseudocode environments for use with the `algorithmicx' style
) (/usr/share/texlive/texmf-dist/tex/latex/lipsum/lipsum.sty
Package: lipsum 2014/07/27 v1.3 150 paragraphs of Lorem Ipsum dummy text
\c@lips@count=\count177
)
(/usr/share/texlive/texmf-dist/tex/latex/hyperref/backref.sty
Package: backref 2012/07/25 v1.38 Bibliographical back referencing
)
(./abntex2cite.sty (./abntex2abrev.sty)
\minimumbiblabelwidth=\skip200
\ABCIauxlen=\skip201
\c@ABCIaux=\count178
\c@ABCImax=\count179

(/usr/share/texlive/texmf-dist/tex/latex/relsize/relsize.sty
Package: relsize 2013/03/29 ver 4.1
)
\biblabelsep=\skip202
LaTeX Info: Redefining \newblock on input line 629.
LaTeX Info: Redefining \cite on input line 656.
\ABCItoken=\toks31
) (./projeto.aux)
\openout1 = `projeto.aux'.

LaTeX Font Info:    Checking defaults for OML/cmm/m/it on input line 68.
LaTeX Font Info:    ... okay on input line 68.
LaTeX Font Info:    Checking defaults for T1/cmr/m/n on input line 68.
LaTeX Font Info:    ... okay on input line 68.
LaTeX Font Info:    Checking defaults for OT1/cmr/m/n on input line 68.
LaTeX Font Info:    ... okay on input line 68.
LaTeX Font Info:    Checking defaults for OMS/cmsy/m/n on input line 68.
LaTeX Font Info:    ... okay on input line 68.
LaTeX Font Info:    Checking defaults for OMX/cmex/m/n on input line 68.
LaTeX Font Info:    ... okay on input line 68.
LaTeX Font Info:    Checking defaults for U/cmr/m/n on input line 68.
LaTeX Font Info:    ... okay on input line 68.
LaTeX Font Info:    Checking defaults for PD1/pdf/m/n on input line 68.
LaTeX Font Info:    ... okay on input line 68.
\AtBeginShipoutBox=\box34
Package hyperref Info: Link coloring OFF on input line 68.

(/usr/share/texlive/texmf-dist/tex/latex/hyperref/nameref.sty
Package: nameref 2012/10/27 v2.43 Cross-referencing by name of section

(/usr/share/texlive/texmf-dist/tex/generic/oberdiek/gettitlestring.sty
Package: gettitlestring 2010/12/03 v1.4 Cleanup title references (HO)
)
\c@section@level=\count180
)
Redoing nameref's sectioning
Redoing nameref's label
LaTeX Info: Redefining \nameref on input line 68.
LaTeX Info: Redefining \ref on input line 68.
LaTeX Info: Redefining \pageref on input line 68.
LaTeX Info: Redefining \nameref on input line 68.
\myptabbox=\box35
\myptabboxwidth=\skip203
Package lastpage Info: Please have a look at the pageslts package at
(lastpage)             https://www.ctan.org/pkg/pageslts
(lastpage)             ! on input line 68.
(/usr/share/texlive/texmf-dist/tex/context/base/supp-pdf.mkii
[Loading MPS to PDF converter (version 2006.09.02).]
\scratchcounter=\count181
\scratchdimen=\dimen160
\scratchbox=\box36
\nofMPsegments=\count182
\nofMParguments=\count183
\everyMPshowfont=\toks32
\MPscratchCnt=\count184
\MPscratchDim=\dimen161
\MPnumerator=\count185
\makeMPintoPDFobject=\count186
\everyMPtoPDFconversion=\toks33
) (/usr/share/texlive/texmf-dist/tex/latex/oberdiek/epstopdf-base.sty
Package: epstopdf-base 2010/02/09 v2.5 Base part for package epstopdf

(/usr/share/texlive/texmf-dist/tex/latex/oberdiek/grfext.sty
Package: grfext 2010/08/19 v1.1 Manage graphics extensions (HO)
)
Package grfext Info: Graphics extension search list:
(grfext)             [.png,.pdf,.jpg,.mps,.jpeg,.jbig2,.jb2,.PNG,.PDF,.JPG,.JPE
G,.JBIG2,.JB2,.eps]
(grfext)             \AppendGraphicsExtensions on input line 452.

(/usr/share/texlive/texmf-dist/tex/latex/latexconfig/epstopdf-sys.cfg
File: epstopdf-sys.cfg 2010/07/13 v1.3 Configuration of (r)epstopdf for TeX Liv
e
))
LaTeX Info: Redefining \microtypecontext on input line 68.
Package microtype Info: Generating PDF output.
Package microtype Info: Character protrusion enabled (level 2).
Package microtype Info: Using default protrusion set `alltext'.
Package microtype Info: Automatic font expansion enabled (level 2),
(microtype)             stretch: 20, shrink: 20, step: 1, non-selected.
Package microtype Info: Using default expansion set `basictext'.
Package microtype Info: No adjustment of tracking.
Package microtype Info: No adjustment of interword spacing.
Package microtype Info: No adjustment of character kerning.

(/usr/share/texlive/texmf-dist/tex/latex/microtype/mt-cmr.cfg
File: mt-cmr.cfg 2013/05/19 v2.2 microtype config. file: Computer Modern Roman 
(RS)
) [1

{/var/lib/texmf/fonts/map/pdftex/updmap/pdftex.map}]
LaTeX Font Info:    External font `cmex10' loaded for size
(Font)              <12> on input line 106.
LaTeX Font Info:    External font `cmex10' loaded for size
(Font)              <8> on input line 106.
LaTeX Font Info:    External font `cmex10' loaded for size
(Font)              <6> on input line 106.

! Extra \else.
\@vspace ...fvmode \vskip #1 \vskip \z@skip \else 
                                                  \@bsphack \vadjust {\@rest...
l.106 
      
I'm ignoring this; it doesn't match any \if.

! Extra \fi.
\@ifnch ...e \let \reserved@c \reserved@b \fi \fi 
                                                  \reserved@c 
l.106 
      
I'm ignoring this; it doesn't match any \if.

! Extra \fi.
\@vspace ...skip #1 \vskip \z@skip }\@esphack \fi 
                                                  
l.106 
      
I'm ignoring this; it doesn't match any \if.

! Missing number, treated as zero.
<to be read again> 
                   C
l.106 
      
A number should have been here; I inserted `0'.
(If you can't figure out why I needed to see a number,
look up `weird error' in the index to The TeXbook.)

! Illegal unit of measure (pt inserted).
<to be read again> 
                   C
l.106 
      
Dimensions can be in units of em, ex, in, pt, pc,
cm, mm, dd, cc, nd, nc, bp, or sp; but yours is a new one!
I'll assume that you meant to say pt, for printer's points.
To recover gracefully from this error, it's best to
delete the erroneous units; e.g., type `2' to delete
two letters. (See Chapter 27 of The TeXbook.)

! Extra }, or forgotten \endgroup.
\equal #1#2#3->\TE@throw \def \@tempa {#1}
                                          \def \@tempb {#2}\noexpand \ifx \@...
l.106 
      
I've deleted a group-closing symbol because it seems to be
spurious, as in `$x}$'. But perhaps the } is legitimate and
you forgot something else, as in `\hbox{$x}'. In such cases
the way to recover is to insert both the forgotten and the
deleted material, e.g., by typing `I$}'.

! Extra }, or forgotten \endgroup.
\NROrg@ifthenelse ...val \the \toks@ \TE@endeval }
                                                  \endgroup \@gtempa \expand...
l.106 
      
I've deleted a group-closing symbol because it seems to be
spurious, as in `$x}$'. But perhaps the } is legitimate and
you forgot something else, as in `\hbox{$x}'. In such cases
the way to recover is to insert both the forgotten and the
deleted material, e.g., by typing `I$}'.

! Improper \prevdepth.
<recently read> \prevdepth 
                           
l.106 
      
You can refer to \spacefactor only in horizontal mode;
you can refer to \prevdepth only in vertical mode; and
neither of these is meaningful inside \write. So
I'm forgetting what you said and using zero instead.

! You can't use `\vadjust' in vertical mode.
\@gtempa ...ip \prevdepth \dimen@ \relax \vadjust 
                                                  {\def {\@@par }{{\@@par }}...
l.106 
      
Sorry, but I'm not programmed to handle this case;
I'll just pretend that you didn't ask for it.
If you're in the wrong mode, you might be able to
return to the right one by typing `I}' or `I$' or `I\par'.

! Missing control sequence inserted.
<inserted text> 
                \inaccessible 
l.106 
      
Please don't say `\def cs{...}', say `\def\cs{...}'.
I've inserted an inaccessible control sequence so that your
definition will be completed without mixing me up too badly.
You can recover graciously from this error, if you're
careful; see exercise 27.2 in The TeXbook.

! Missing number, treated as zero.
<to be read again> 
                   \vskip 
l.106 
      
A number should have been here; I inserted `0'.
(If you can't figure out why I needed to see a number,
look up `weird error' in the index to The TeXbook.)

! Illegal unit of measure (pt inserted).
<to be read again> 
                   \vskip 
l.106 
      
Dimensions can be in units of em, ex, in, pt, pc,
cm, mm, dd, cc, nd, nc, bp, or sp; but yours is a new one!
I'll assume that you meant to say pt, for printer's points.
To recover gracefully from this error, it's best to
delete the erroneous units; e.g., type `2' to delete
two letters. (See Chapter 27 of The TeXbook.)

! Missing { inserted.
\@gtempa ...p \prevdepth \dimen@  \vskip \z@skip }
                                                  \relax \dimen@ \prevdepth ...
l.106 
      
Where was the left brace? You said something like `\def\a}',
which I'm going to interpret as `\def\a{}'.

! Use of \dimen@ doesn't match its definition.
\@gtempa ...height\z@ \penalty \@M \vskip \z@skip 
                                                   \vskip \z@skip \prevdepth...
l.106 
      
If you say, e.g., `\def\a1{...}', then you must always
put `1' after `\a', since control sequence names are
made up of letters only. The macro here has not been
followed by the required stuff, so I'm ignoring it.

! Use of \dimen@ doesn't match its definition.
\NROrg@ifthenelse ...dgroup \@gtempa \expandafter 
                                                  \endgroup \ifTE@val \expan...
l.106 
      
If you say, e.g., `\def\a1{...}', then you must always
put `1' after `\a', since control sequence names are
made up of letters only. The macro here has not been
followed by the required stuff, so I'm ignoring it.

! Missing number, treated as zero.
<to be read again> 
                   \endgroup 
l.106 
      
A number should have been here; I inserted `0'.
(If you can't figure out why I needed to see a number,
look up `weird error' in the index to The TeXbook.)

! Illegal unit of measure (pt inserted).
<to be read again> 
                   \endgroup 
l.106 
      
Dimensions can be in units of em, ex, in, pt, pc,
cm, mm, dd, cc, nd, nc, bp, or sp; but yours is a new one!
I'll assume that you meant to say pt, for printer's points.
To recover gracefully from this error, it's best to
delete the erroneous units; e.g., type `2' to delete
two letters. (See Chapter 27 of The TeXbook.)

! Missing } inserted.
<inserted text> 
                }
l.106 
      
I've inserted something that you may have forgotten.
(See the <inserted text> above.)
With luck, this will get me unwedged. But if you
really didn't forget anything, try typing `2' now; then
my insertion and my current dilemma will both disappear.

pdfTeX warning (ext4): destination with the same identifier (name{page.1}) has 
been already used, duplicate ignored
<to be read again> 
                   \relax 
l.106 
       [1



] [2

] [3] [4

] [5

] [6

] (./projeto.lof) [7

] (./projeto.lot) [8

]
(./projeto.toc [9

]
LaTeX Font Info:    Calculating math sizes for size <15> on input line 51.
LaTeX Font Info:    External font `cmex10' loaded for size
(Font)              <15> on input line 51.
LaTeX Font Info:    External font `cmex10' loaded for size
(Font)              <10.49995> on input line 51.
LaTeX Font Info:    External font `cmex10' loaded for size
(Font)              <7.5> on input line 51.
LaTeX Font Info:    External font `cmex10' loaded for size
(Font)              <7> on input line 51.
LaTeX Font Info:    External font `cmex10' loaded for size
(Font)              <5> on input line 51.
) [10] [11


]

Class memoir Warning: The material used in the headers is too large
(15.04742pt) for the given head height (14.5pt), it is recommended to
either increase the head height or redesign the header
(in both cases you will find help in the memoir manual). on input line 325.


Overfull \vbox (0.54742pt too high) has occurred while \output is active []


[12]
LaTeX Font Info:    Try loading font information for OMS+cmr on input line 337.

 (/usr/share/texlive/texmf-dist/tex/latex/base/omscmr.fd
File: omscmr.fd 2014/09/29 v2.5h Standard LaTeX font definitions
)
LaTeX Font Info:    Font shape `OMS/cmr/m/n' in size <12> not available
(Font)              Font shape `OMS/cmsy/m/n' tried instead on input line 337.

Overfull \vbox (0.54742pt too high) has occurred while \output is active []


[13]
Overfull \vbox (0.54742pt too high) has occurred while \output is active []


[14] [15

]
<figures/fundamentation/termography/termography.jpg, id=261, 642.4pt x 481.8pt>
File: figures/fundamentation/termography/termography.jpg Graphic file (type jpg
)
<use figures/fundamentation/termography/termography.jpg>
Package pdftex.def Info: figures/fundamentation/termography/termography.jpg use
d on input line 462.
(pdftex.def)             Requested size: 224.84337pt x 168.63252pt.
 [16

pdfTeX warning (ext4): destination with the same identifier (name{figure.3.1}) 
has been already used, duplicate ignored

\AtBegShi@Output ...ipout \box \AtBeginShipoutBox 
                                                  \fi \fi 
l.480 
       <./figures/fundamentation/termography/termography.jpg>]
<figures/fundamentation/image_registration/mapping.png, id=285, 344.28625pt x 9
6.36pt>
File: figures/fundamentation/image_registration/mapping.png Graphic file (type 
png)
 <use figures/fundamentation/image_registration/mapping.png>
Package pdftex.def Info: figures/fundamentation/image_registration/mapping.png 
used on input line 532.
(pdftex.def)             Requested size: 258.21405pt x 72.2698pt.


LaTeX Warning: `h' float specifier changed to `ht'.


Overfull \vbox (0.54742pt too high) has occurred while \output is active []


[17]
<figures/fundamentation/image_registration/fluxo.png, id=310, 381.67593pt x 173
.14688pt>
File: figures/fundamentation/image_registration/fluxo.png Graphic file (type pn
g)
 <use figures/fundamentation/image_registration/fluxo.png>
Package pdftex.def Info: figures/fundamentation/image_registration/fluxo.png us
ed on input line 581.
(pdftex.def)             Requested size: 286.25624pt x 129.85983pt.


LaTeX Warning: `h' float specifier changed to `ht'.


Overfull \vbox (0.54742pt too high) has occurred while \output is active []


[18pdfTeX warning (ext4): destination with the same identifier (name{figure.3.2
}) has been already used, duplicate ignored

\AtBegShi@Output ...ipout \box \AtBeginShipoutBox 
                                                  \fi \fi 
l.606 
       <./figures/fundamentation/image_registration/mapping.png>]
Overfull \vbox (0.54742pt too high) has occurred while \output is active []


[19pdfTeX warning (ext4): destination with the same identifier (name{figure.3.3
}) has been already used, duplicate ignored

\AtBegShi@Output ...ipout \box \AtBeginShipoutBox 
                                                  \fi \fi 
l.640 
       <./figures/fundamentation/image_registration/fluxo.png>]
<figures/fundamentation/image_registration/displacement.png, id=339, 566.918pt 
x 191.917pt>
File: figures/fundamentation/image_registration/displacement.png Graphic file (
type png)
 <use figures/fundamentation/image_registration/displacement.png>
Package pdftex.def Info: figures/fundamentation/image_registration/displacement
.png used on input line 658.
(pdftex.def)             Requested size: 425.18745pt x 143.9374pt.

! Undefined control sequence.
l.670 respectivamente. A transformação $T(\text
                                               {{x}}:\Phi)$ é definida
The control sequence at the end of the top line
of your error message was never \def'ed. If you have
misspelled it (e.g., `\hobx'), type `I' and the correct
spelling (e.g., `I\hbox'). Otherwise just continue,
and I'll forget about whatever was undefined.

! Undefined control sequence.
l.674 T(\text
             {{x}}:\Phi)=\sum_{l=0}^{3}\sum_{m=0}^{3}\sum_{n=0}^{3}\beta_{l}...
The control sequence at the end of the top line
of your error message was never \def'ed. If you have
misspelled it (e.g., `\hobx'), type `I' and the correct
spelling (e.g., `I\hbox'). Otherwise just continue,
and I'll forget about whatever was undefined.


Overfull \vbox (0.54742pt too high) has occurred while \output is active []


[20pdfTeX warning (ext4): destination with the same identifier (name{figure.3.4
}) has been already used, duplicate ignored

\AtBegShi@Output ...ipout \box \AtBeginShipoutBox 
                                                  \fi \fi 
l.695 \end{equation}
                     <./figures/fundamentation/image_registration/displacement.
png>]
<figures/fundamentation/image_registration/ITKSoftwareGuide-Book2259x.png, id=3
61, 323.2075pt x 246.9225pt>
File: figures/fundamentation/image_registration/ITKSoftwareGuide-Book2259x.png 
Graphic file (type png)

<use figures/fundamentation/image_registration/ITKSoftwareGuide-Book2259x.png>
Package pdftex.def Info: figures/fundamentation/image_registration/ITKSoftwareG
uide-Book2259x.png used on input line 752.
(pdftex.def)             Requested size: 242.40503pt x 185.1914pt.

Overfull \vbox (0.54742pt too high) has occurred while \output is active []


[21]
Overfull \vbox (0.54742pt too high) has occurred while \output is active []


[22pdfTeX warning (ext4): destination with the same identifier (name{figure.3.5
}) has been already used, duplicate ignored

\AtBegShi@Output ...ipout \box \AtBeginShipoutBox 
                                                  \fi \fi 
l.796 
       <./figures/fundamentation/image_registration/ITKSoftwareGuide-Book2259x.
png>]
Overfull \vbox (0.54742pt too high) has occurred while \output is active []


[23]
Overfull \hbox (4.97353pt too wide) in paragraph at lines 865--871
[]\T1/cmr/m/n/12 (-20) Considere $\OML/cmm/m/it/12 N \OT1/cmr/m/n/12 (-20) = []
[] [][] \OML/cmm/m/it/12 G[]\OT1/cmr/m/n/12 (-20) (\OML/cmm/m/it/12 i; j\OT1/cm
r/m/n/12 (-20) )$ \T1/cmr/m/n/12 (-20) a quan-ti-dade ocor-rên-cias de pa-res e
m $\OML/cmm/m/it/12 G[]$\T1/cmr/m/n/12 (-20) . Seja $\OML/cmm/m/it/12 GN[]\OT1/
cmr/m/n/12 (-20) (\OML/cmm/m/it/12 i; j\OT1/cmr/m/n/12 (-20) ) =
 []

! Undefined control sequence.
l.907 Correla\cedilla
                     {c}\tilde{a}o=\sum_{i,j=0}^{N-1}P_{i,j}\left[\frac{(i-\...
The control sequence at the end of the top line
of your error message was never \def'ed. If you have
misspelled it (e.g., `\hobx'), type `I' and the correct
spelling (e.g., `I\hbox'). Otherwise just continue,
and I'll forget about whatever was undefined.


Overfull \vbox (0.54742pt too high) has occurred while \output is active []


[24]
Overfull \vbox (0.54742pt too high) has occurred while \output is active []


[25]
<figures/fundamentation/dimensionality_reduction/pca_samples.png, id=469, 350.3
0875pt x 350.30875pt>
File: figures/fundamentation/dimensionality_reduction/pca_samples.png Graphic f
ile (type png)

<use figures/fundamentation/dimensionality_reduction/pca_samples.png>
Package pdftex.def Info: figures/fundamentation/dimensionality_reduction/pca_sa
mples.png used on input line 1032.
(pdftex.def)             Requested size: 262.73091pt x 262.73091pt.

Overfull \vbox (0.54742pt too high) has occurred while \output is active []


[26]
<figures/fundamentation/dimensionality_reduction/pca_samples_transformd.png, id
=480, 327.47343pt x 295.85532pt>
File: figures/fundamentation/dimensionality_reduction/pca_samples_transformd.pn
g Graphic file (type png)

<use figures/fundamentation/dimensionality_reduction/pca_samples_transformd.png
>
Package pdftex.def Info: figures/fundamentation/dimensionality_reduction/pca_sa
mples_transformd.png used on input line 1046.
(pdftex.def)             Requested size: 245.60448pt x 221.89093pt.

Overfull \vbox (0.54742pt too high) has occurred while \output is active []


[27pdfTeX warning (ext4): destination with the same identifier (name{figure.3.6
}) has been already used, duplicate ignored

\AtBegShi@Output ...ipout \box \AtBeginShipoutBox 
                                                  \fi \fi 
l.1061 A
         diferença é que, ao contrário do PCA que busca combinações com maiorpd
fTeX warning (ext4): destination with the same identifier (name{figure.3.7}) ha
s been already used, duplicate ignored

\AtBegShi@Output ...ipout \box \AtBeginShipoutBox 
                                                  \fi \fi 
l.1061 A
         diferença é que, ao contrário do PCA que busca combinações com maior <
./figures/fundamentation/dimensionality_reduction/pca_samples.png> <./figures/f
undamentation/dimensionality_reduction/pca_samples_transformd.png>]
Overfull \hbox (0.3606pt too wide) in paragraph at lines 1067--1071
[]\T1/cmr/m/n/12 (-20) Normalmente é uti-li-zado para re-du-ção de di-men-si-o-
na-li-dade, como um pré-processamento
 []


<figures/fundamentation/dimensionality_reduction/wc.png, id=495, 160.9212pt x 2
40.9pt>
File: figures/fundamentation/dimensionality_reduction/wc.png Graphic file (type
 png)
 <use figures/fundamentation/dimensionality_reduction/wc.png>
Package pdftex.def Info: figures/fundamentation/dimensionality_reduction/wc.png
 used on input line 1089.
(pdftex.def)             Requested size: 80.4604pt x 120.44969pt.

<figures/fundamentation/dimensionality_reduction/bc.png, id=496, 319.594pt x 20
0.75pt>
File: figures/fundamentation/dimensionality_reduction/bc.png Graphic file (type
 png)
 <use figures/fundamentation/dimensionality_reduction/bc.png>
Package pdftex.def Info: figures/fundamentation/dimensionality_reduction/bc.png
 used on input line 1104.
(pdftex.def)             Requested size: 159.7966pt x 100.37474pt.

Overfull \vbox (0.54742pt too high) has occurred while \output is active []


[28pdfTeX warning (ext4): destination with the same identifier (name{figure.3.8
}) has been already used, duplicate ignored

\AtBegShi@Output ...ipout \box \AtBeginShipoutBox 
                                                  \fi \fi 
l.1123 \begin{equation}
                       pdfTeX warning (ext4): destination with the same identif
ier (name{figure.3.9}) has been already used, duplicate ignored

\AtBegShi@Output ...ipout \box \AtBeginShipoutBox 
                                                  \fi \fi 
l.1123 \begin{equation}
                        <./figures/fundamentation/dimensionality_reduction/wc.p
ng> <./figures/fundamentation/dimensionality_reduction/bc.png>]
<figures/fundamentation/dimensionality_reduction/lda_samples.png, id=513, 350.3
0875pt x 350.30875pt>
File: figures/fundamentation/dimensionality_reduction/lda_samples.png Graphic f
ile (type png)

<use figures/fundamentation/dimensionality_reduction/lda_samples.png>
Package pdftex.def Info: figures/fundamentation/dimensionality_reduction/lda_sa
mples.png used on input line 1180.
(pdftex.def)             Requested size: 262.73091pt x 262.73091pt.

Overfull \vbox (0.54742pt too high) has occurred while \output is active []


[29]
<figures/fundamentation/dimensionality_reduction/lda_samples_transformed.png, i
d=524, 387.4475pt x 384.43625pt>
File: figures/fundamentation/dimensionality_reduction/lda_samples_transformed.p
ng Graphic file (type png)

<use figures/fundamentation/dimensionality_reduction/lda_samples_transformed.pn
g>
Package pdftex.def Info: figures/fundamentation/dimensionality_reduction/lda_sa
mples_transformed.png used on input line 1193.
(pdftex.def)             Requested size: 290.5849pt x 288.32648pt.

Overfull \vbox (0.54742pt too high) has occurred while \output is active []


[30pdfTeX warning (ext4): destination with the same identifier (name{figure.3.1
0}) has been already used, duplicate ignored

\AtBegShi@Output ...ipout \box \AtBeginShipoutBox 
                                                  \fi \fi 
l.1207 A
        tualmente existem diversas técnicas de aprendizado de máquina capazespd
fTeX warning (ext4): destination with the same identifier (name{figure.3.11}) h
as been already used, duplicate ignored

\AtBegShi@Output ...ipout \box \AtBeginShipoutBox 
                                                  \fi \fi 
l.1207 A
        tualmente existem diversas técnicas de aprendizado de máquina capazes <
./figures/fundamentation/dimensionality_reduction/lda_samples.png> <./figures/f
undamentation/dimensionality_reduction/lda_samples_transformed.png>]
<figures/fundamentation/svm/plot_separating_hyperplane.png, id=537, 578.16pt x 
433.62pt>
File: figures/fundamentation/svm/plot_separating_hyperplane.png Graphic file (t
ype png)
 <use figures/fundamentation/svm/plot_separating_hyperplane.png>
Package pdftex.def Info: figures/fundamentation/svm/plot_separating_hyperplane.
png used on input line 1232.
(pdftex.def)             Requested size: 433.61893pt x 325.2142pt.

! Undefined control sequence.
l.1241 que $x_{i}\in\mathbb
                           {R}^{n}$ correspondente ao vetor de características
The control sequence at the end of the top line
of your error message was never \def'ed. If you have
misspelled it (e.g., `\hobx'), type `I' and the correct
spelling (e.g., `I\hbox'). Otherwise just continue,
and I'll forget about whatever was undefined.

! Undefined control sequence.
l.1244 é encontrar uma função $f(x):\mathbb
                                           {R}^{n}\rightarrow\{1,-1\}$ que
The control sequence at the end of the top line
of your error message was never \def'ed. If you have
misspelled it (e.g., `\hobx'), type `I' and the correct
spelling (e.g., `I\hbox'). Otherwise just continue,
and I'll forget about whatever was undefined.


Overfull \vbox (0.54742pt too high) has occurred while \output is active []


[31pdfTeX warning (ext4): destination with the same identifier (name{figure.3.1
2}) has been already used, duplicate ignored

\AtBegShi@Output ...ipout \box \AtBeginShipoutBox 
                                                  \fi \fi 
l.1246 
        <./figures/fundamentation/svm/plot_separating_hyperplane.png>]
<figures/fundamentation/svm/vetores.png, id=555, 162.206pt x 160.6pt>
File: figures/fundamentation/svm/vetores.png Graphic file (type png)

<use figures/fundamentation/svm/vetores.png>
Package pdftex.def Info: figures/fundamentation/svm/vetores.png used on input l
ine 1306.
(pdftex.def)             Requested size: 162.20558pt x 160.5996pt.

Overfull \vbox (0.54742pt too high) has occurred while \output is active []


[32]
<figures/fundamentation/svm/nao_linear.png, id=575, 115.632pt x 126.03888pt>
File: figures/fundamentation/svm/nao_linear.png Graphic file (type png)

<use figures/fundamentation/svm/nao_linear.png>
Package pdftex.def Info: figures/fundamentation/svm/nao_linear.png used on inpu
t line 1338.
(pdftex.def)             Requested size: 115.63171pt x 126.03856pt.

Overfull \vbox (0.54742pt too high) has occurred while \output is active []


[33pdfTeX warning (ext4): destination with the same identifier (name{figure.3.1
3}) has been already used, duplicate ignored

\AtBegShi@Output ...ipout \box \AtBeginShipoutBox 
                                                  \fi \fi 
l.1354 
       pdfTeX warning (ext4): destination with the same identifier (name{figure
.3.14}) has been already used, duplicate ignored

\AtBegShi@Output ...ipout \box \AtBeginShipoutBox 
                                                  \fi \fi 
l.1354 
        <./figures/fundamentation/svm/vetores.png> <./figures/fundamentation/sv
m/nao_linear.png>]
Overfull \vbox (0.54742pt too high) has occurred while \output is active []


[34]

LaTeX Warning: Reference `sec:objectives' on page 35 undefined on input line 13
64.


<figures/methodology/fluxograma_metodologia.png, id=591, 642.4pt x 183.68625pt>
File: figures/methodology/fluxograma_metodologia.png Graphic file (type png)
<use figures/methodology/fluxograma_metodologia.png>
Package pdftex.def Info: figures/methodology/fluxograma_metodologia.png used on
 input line 1374.
(pdftex.def)             Requested size: 321.19922pt x 91.84288pt.
LaTeX Font Info:    Try loading font information for T1+cmtt on input line 1391
.

(/usr/share/texlive/texmf-dist/tex/latex/base/t1cmtt.fd
File: t1cmtt.fd 2014/09/29 v2.5h Standard LaTeX font definitions
)
Package microtype Info: Loading generic settings for font family
(microtype)             `cmtt' (encoding: T1).
(microtype)             For optimal results, create family-specific settings.
(microtype)             See the microtype manual for details.

<figures/methodology/protocol_mean.png, id=598, 371.88937pt x 295.1025pt>
File: figures/methodology/protocol_mean.png Graphic file (type png)

<use figures/methodology/protocol_mean.png>
Package pdftex.def Info: figures/methodology/protocol_mean.png used on input li
ne 1410.
(pdftex.def)             Requested size: 185.94423pt x 147.55087pt.
 [35

pdfTeX warning (ext4): destination with the same identifier (name{figure.4.15})
 has been already used, duplicate ignored

\AtBegShi@Output ...ipout \box \AtBeginShipoutBox 
                                                  \fi \fi 
l.1422 
       pdfTeX warning (ext4): destination with the same identifier (name{figure
.4.16}) has been already used, duplicate ignored

\AtBegShi@Output ...ipout \box \AtBeginShipoutBox 
                                                  \fi \fi 
l.1422 
        <./figures/methodology/fluxograma_metodologia.png> <./figures/methodolo
gy/protocol_mean.png>]
<figures/methodology/series1.png, id=612, 642.4pt x 481.8pt>
File: figures/methodology/series1.png Graphic file (type png)

<use figures/methodology/series1.png>
Package pdftex.def Info: figures/methodology/series1.png used on input line 145
0.
(pdftex.def)             Requested size: 128.47772pt x 96.35829pt.

<figures/methodology/series2.png, id=613, 642.4pt x 481.8pt>
File: figures/methodology/series2.png Graphic file (type png)

<use figures/methodology/series2.png>
Package pdftex.def Info: figures/methodology/series2.png used on input line 145
2.
(pdftex.def)             Requested size: 128.47772pt x 96.35829pt.

<figures/methodology/series_diff.png, id=614, 642.4pt x 481.8pt>
File: figures/methodology/series_diff.png Graphic file (type png)

<use figures/methodology/series_diff.png>
Package pdftex.def Info: figures/methodology/series_diff.png used on input line
 1454.
(pdftex.def)             Requested size: 128.47772pt x 96.35829pt.
 [36pdfTeX warning (ext4): destination with the same identifier (name{figure.4.
17}) has been already used, duplicate ignored

\AtBegShi@Output ...ipout \box \AtBeginShipoutBox 
                                                  \fi \fi 
l.1465 
        <./figures/methodology/series1.png (PNG copy)> <./figures/methodology/s
eries2.png (PNG copy)> <./figures/methodology/series_diff.png (PNG copy)>]
<figures/methodology/segmentation_click.png, id=633, 267.24844pt x 200.24812pt>
File: figures/methodology/segmentation_click.png Graphic file (type png)
<use figures/methodology/segmentation_click.png>
Package pdftex.def Info: figures/methodology/segmentation_click.png used on inp
ut line 1516.
(pdftex.def)             Requested size: 133.62389pt x 100.12381pt.

<figures/methodology/roi_mask.png, id=634, 265.74281pt x 197.98969pt>
File: figures/methodology/roi_mask.png Graphic file (type png)

<use figures/methodology/roi_mask.png>
Package pdftex.def Info: figures/methodology/roi_mask.png used on input line 15
18.
(pdftex.def)             Requested size: 132.87108pt x 98.9946pt.
 [37] [38pdfTeX warning (ext4): destination with the same identifier (name{figu
re.4.18}) has been already used, duplicate ignored

\AtBegShi@Output ...ipout \box \AtBeginShipoutBox 
                                                  \fi \fi 
l.1562 \item O
               desvio padrão do ganho de temperatura entres os tempos dada pela
 <./figures/methodology/segmentation_click.png> <./figures/methodology/roi_mask
.png>] <figures/methodology/fps1_n.png, id=667, 367.3725pt x 247.92625pt>
File: figures/methodology/fps1_n.png Graphic file (type png)

<use figures/methodology/fps1_n.png>
Package pdftex.def Info: figures/methodology/fps1_n.png used on input line 1611
.
(pdftex.def)             Requested size: 183.68579pt x 123.96281pt.

<figures/methodology/fps1_d.png, id=668, 367.774pt x 248.127pt>
File: figures/methodology/fps1_d.png Graphic file (type png)

<use figures/methodology/fps1_d.png>
Package pdftex.def Info: figures/methodology/fps1_d.png used on input line 1613
.
(pdftex.def)             Requested size: 183.88655pt x 124.06319pt.
 [39]
<figures/methodology/fps2_n.png, id=674, 360.34625pt x 247.92625pt>
File: figures/methodology/fps2_n.png Graphic file (type png)

<use figures/methodology/fps2_n.png>
Package pdftex.def Info: figures/methodology/fps2_n.png used on input line 1628
.
(pdftex.def)             Requested size: 180.17268pt x 123.96281pt.

<figures/methodology/fps2_d.png, id=675, 369.38pt x 248.127pt>
File: figures/methodology/fps2_d.png Graphic file (type png)

<use figures/methodology/fps2_d.png>
Package pdftex.def Info: figures/methodology/fps2_d.png used on input line 1630
.
(pdftex.def)             Requested size: 184.68954pt x 124.06319pt.

<figures/methodology/fps3_n.png, id=676, 373.395pt x 247.92625pt>
File: figures/methodology/fps3_n.png Graphic file (type png)

<use figures/methodology/fps3_n.png>
Package pdftex.def Info: figures/methodology/fps3_n.png used on input line 1645
.
(pdftex.def)             Requested size: 186.69704pt x 123.96281pt.

<figures/methodology/fps3_d.png, id=677, 381.425pt x 248.127pt>
File: figures/methodology/fps3_d.png Graphic file (type png)

<use figures/methodology/fps3_d.png>
Package pdftex.def Info: figures/methodology/fps3_d.png used on input line 1647
.
(pdftex.def)             Requested size: 190.71202pt x 124.06319pt.
 [40pdfTeX warning (ext4): destination with the same identifier (name{figure.4.
19}) has been already used, duplicate ignored

\AtBegShi@Output ...ipout \box \AtBeginShipoutBox 
                                                  \fi \fi 
l.1652 
       pdfTeX warning (ext4): destination with the same identifier (name{figure
.4.20}) has been already used, duplicate ignored

\AtBegShi@Output ...ipout \box \AtBeginShipoutBox 
                                                  \fi \fi 
l.1652 
        <./figures/methodology/fps1_n.png> <./figures/methodology/fps1_d.png> <
./figures/methodology/fps2_n.png> <./figures/methodology/fps2_d.png>]
<figures/methodology/fps4_n.png, id=686, 367.3725pt x 247.92625pt>
File: figures/methodology/fps4_n.png Graphic file (type png)

<use figures/methodology/fps4_n.png>
Package pdftex.def Info: figures/methodology/fps4_n.png used on input line 1662
.
(pdftex.def)             Requested size: 183.68579pt x 123.96281pt.

<figures/methodology/fps4_d.png, id=687, 373.395pt x 248.127pt>
File: figures/methodology/fps4_d.png Graphic file (type png)

<use figures/methodology/fps4_d.png>
Package pdftex.def Info: figures/methodology/fps4_d.png used on input line 1664
.
(pdftex.def)             Requested size: 186.69704pt x 124.06319pt.
 [41pdfTeX warning (ext4): destination with the same identifier (name{figure.4.
21}) has been already used, duplicate ignored

\AtBegShi@Output ...ipout \box \AtBeginShipoutBox 
                                                  \fi \fi 
l.1678 
       pdfTeX warning (ext4): destination with the same identifier (name{figure
.4.22}) has been already used, duplicate ignored

\AtBegShi@Output ...ipout \box \AtBeginShipoutBox 
                                                  \fi \fi 
l.1678 
        <./figures/methodology/fps3_n.png> <./figures/methodology/fps3_d.png> <
./figures/methodology/fps4_n.png> <./figures/methodology/fps4_d.png>] [42]
[43]
! Undefined control sequence.
l.1775 \item Grupo 1: $d=[1]$, $\theta=[0\text
                                              {º, }45\text{º},90\text{º},135...
The control sequence at the end of the top line
of your error message was never \def'ed. If you have
misspelled it (e.g., `\hobx'), type `I' and the correct
spelling (e.g., `I\hbox'). Otherwise just continue,
and I'll forget about whatever was undefined.


LaTeX Warning: Command \textordmasculine invalid in math mode on input line 177
5.

! Undefined control sequence.
l.1775 ... 1: $d=[1]$, $\theta=[0\text{º, }45\text
                                                  {º},90\text{º},135\text{º}],$
The control sequence at the end of the top line
of your error message was never \def'ed. If you have
misspelled it (e.g., `\hobx'), type `I' and the correct
spelling (e.g., `I\hbox'). Otherwise just continue,
and I'll forget about whatever was undefined.


LaTeX Warning: Command \textordmasculine invalid in math mode on input line 177
5.

! Undefined control sequence.
l.1775 ..., $\theta=[0\text{º, }45\text{º},90\text
                                                  {º},135\text{º}],$
The control sequence at the end of the top line
of your error message was never \def'ed. If you have
misspelled it (e.g., `\hobx'), type `I' and the correct
spelling (e.g., `I\hbox'). Otherwise just continue,
and I'll forget about whatever was undefined.


LaTeX Warning: Command \textordmasculine invalid in math mode on input line 177
5.

! Undefined control sequence.
l.1775 ...\text{º, }45\text{º},90\text{º},135\text
                                                  {º}],$
The control sequence at the end of the top line
of your error message was never \def'ed. If you have
misspelled it (e.g., `\hobx'), type `I' and the correct
spelling (e.g., `I\hbox'). Otherwise just continue,
and I'll forget about whatever was undefined.


LaTeX Warning: Command \textordmasculine invalid in math mode on input line 177
5.

! Undefined control sequence.
l.1777 \item Grupo 2: $d=[1,3,5]$, $\theta=[0\text
                                                  {º, }45\text{º},90\text{º}...
The control sequence at the end of the top line
of your error message was never \def'ed. If you have
misspelled it (e.g., `\hobx'), type `I' and the correct
spelling (e.g., `I\hbox'). Otherwise just continue,
and I'll forget about whatever was undefined.


LaTeX Warning: Command \textordmasculine invalid in math mode on input line 177
7.

! Undefined control sequence.
l.1777 ...$d=[1,3,5]$, $\theta=[0\text{º, }45\text
                                                  {º},90\text{º},135\text{º}]$,
The control sequence at the end of the top line
of your error message was never \def'ed. If you have
misspelled it (e.g., `\hobx'), type `I' and the correct
spelling (e.g., `I\hbox'). Otherwise just continue,
and I'll forget about whatever was undefined.


LaTeX Warning: Command \textordmasculine invalid in math mode on input line 177
7.

! Undefined control sequence.
l.1777 ..., $\theta=[0\text{º, }45\text{º},90\text
                                                  {º},135\text{º}]$,
The control sequence at the end of the top line
of your error message was never \def'ed. If you have
misspelled it (e.g., `\hobx'), type `I' and the correct
spelling (e.g., `I\hbox'). Otherwise just continue,
and I'll forget about whatever was undefined.


LaTeX Warning: Command \textordmasculine invalid in math mode on input line 177
7.

! Undefined control sequence.
l.1777 ...\text{º, }45\text{º},90\text{º},135\text
                                                  {º}]$,
The control sequence at the end of the top line
of your error message was never \def'ed. If you have
misspelled it (e.g., `\hobx'), type `I' and the correct
spelling (e.g., `I\hbox'). Otherwise just continue,
and I'll forget about whatever was undefined.


LaTeX Warning: Command \textordmasculine invalid in math mode on input line 177
7.

! Undefined control sequence.
l.1779 ...rupo 3: $d=[1,3,5,7,9]$, $\theta=[0\text
                                                  {º, }45\text{º},90\text{º}...
The control sequence at the end of the top line
of your error message was never \def'ed. If you have
misspelled it (e.g., `\hobx'), type `I' and the correct
spelling (e.g., `I\hbox'). Otherwise just continue,
and I'll forget about whatever was undefined.


LaTeX Warning: Command \textordmasculine invalid in math mode on input line 177
9.

! Undefined control sequence.
l.1779 ...1,3,5,7,9]$, $\theta=[0\text{º, }45\text
                                                  {º},90\text{º},135\text{º}]$,
The control sequence at the end of the top line
of your error message was never \def'ed. If you have
misspelled it (e.g., `\hobx'), type `I' and the correct
spelling (e.g., `I\hbox'). Otherwise just continue,
and I'll forget about whatever was undefined.


LaTeX Warning: Command \textordmasculine invalid in math mode on input line 177
9.

! Undefined control sequence.
l.1779 ..., $\theta=[0\text{º, }45\text{º},90\text
                                                  {º},135\text{º}]$,
The control sequence at the end of the top line
of your error message was never \def'ed. If you have
misspelled it (e.g., `\hobx'), type `I' and the correct
spelling (e.g., `I\hbox'). Otherwise just continue,
and I'll forget about whatever was undefined.


LaTeX Warning: Command \textordmasculine invalid in math mode on input line 177
9.

! Undefined control sequence.
l.1779 ...\text{º, }45\text{º},90\text{º},135\text
                                                  {º}]$,
The control sequence at the end of the top line
of your error message was never \def'ed. If you have
misspelled it (e.g., `\hobx'), type `I' and the correct
spelling (e.g., `I\hbox'). Otherwise just continue,
and I'll forget about whatever was undefined.


LaTeX Warning: Command \textordmasculine invalid in math mode on input line 177
9.

! Undefined control sequence.
l.1781 ...o 4: $d=[1,3,5,7,9,11]$, $\theta=[0\text
                                                  {º, }45\text{º},90\text{º}...
The control sequence at the end of the top line
of your error message was never \def'ed. If you have
misspelled it (e.g., `\hobx'), type `I' and the correct
spelling (e.g., `I\hbox'). Otherwise just continue,
and I'll forget about whatever was undefined.


LaTeX Warning: Command \textordmasculine invalid in math mode on input line 178
1.

! Undefined control sequence.
l.1781 ...,5,7,9,11]$, $\theta=[0\text{º, }45\text
                                                  {º},90\text{º},135\text{º}]$,
The control sequence at the end of the top line
of your error message was never \def'ed. If you have
misspelled it (e.g., `\hobx'), type `I' and the correct
spelling (e.g., `I\hbox'). Otherwise just continue,
and I'll forget about whatever was undefined.


LaTeX Warning: Command \textordmasculine invalid in math mode on input line 178
1.

! Undefined control sequence.
l.1781 ..., $\theta=[0\text{º, }45\text{º},90\text
                                                  {º},135\text{º}]$,
The control sequence at the end of the top line
of your error message was never \def'ed. If you have
misspelled it (e.g., `\hobx'), type `I' and the correct
spelling (e.g., `I\hbox'). Otherwise just continue,
and I'll forget about whatever was undefined.


LaTeX Warning: Command \textordmasculine invalid in math mode on input line 178
1.

! Undefined control sequence.
l.1781 ...\text{º, }45\text{º},90\text{º},135\text
                                                  {º}]$,
The control sequence at the end of the top line
of your error message was never \def'ed. If you have
misspelled it (e.g., `\hobx'), type `I' and the correct
spelling (e.g., `I\hbox'). Otherwise just continue,
and I'll forget about whatever was undefined.


LaTeX Warning: Command \textordmasculine invalid in math mode on input line 178
1.

[44

] [45pdfTeX warning (ext4): destination with the same identifier (name{table.5.
1}) has been already used, duplicate ignored

\AtBegShi@Output ...ipout \box \AtBeginShipoutBox 
                                                  \fi \fi 
l.1958 
       pdfTeX warning (ext4): destination with the same identifier (name{table.
5.2}) has been already used, duplicate ignored

\AtBegShi@Output ...ipout \box \AtBeginShipoutBox 
                                                  \fi \fi 
l.1958 
       pdfTeX warning (ext4): destination with the same identifier (name{table.
5.3}) has been already used, duplicate ignored

\AtBegShi@Output ...ipout \box \AtBeginShipoutBox 
                                                  \fi \fi 
l.1958 
       pdfTeX warning (ext4): destination with the same identifier (name{table.
5.4}) has been already used, duplicate ignored

\AtBegShi@Output ...ipout \box \AtBeginShipoutBox 
                                                  \fi \fi 
l.1958 
       ] [46pdfTeX warning (ext4): destination with the same identifier (name{t
able.5.5}) has been already used, duplicate ignored

\AtBegShi@Output ...ipout \box \AtBeginShipoutBox 
                                                  \fi \fi 
l.2050 
       pdfTeX warning (ext4): destination with the same identifier (name{table.
5.6}) has been already used, duplicate ignored

\AtBegShi@Output ...ipout \box \AtBeginShipoutBox 
                                                  \fi \fi 
l.2050 
       pdfTeX warning (ext4): destination with the same identifier (name{table.
5.7}) has been already used, duplicate ignored

\AtBegShi@Output ...ipout \box \AtBeginShipoutBox 
                                                  \fi \fi 
l.2050 
       pdfTeX warning (ext4): destination with the same identifier (name{table.
5.8}) has been already used, duplicate ignored

\AtBegShi@Output ...ipout \box \AtBeginShipoutBox 
                                                  \fi \fi 
l.2050 
       ] [47] (./projeto.bbl (./projeto.brf)
\tf@brf=\write4
\openout4 = `projeto.brf'.

 [48

]

Package hyperref Warning: Token not allowed in a PDF string (PDFDocEncoding):
(hyperref)                removing `\@ifnextchar' on input line 3.


Package hyperref Warning: Token not allowed in a PDF string (PDFDocEncoding):
(hyperref)                removing `\<let>-command' on input line 3.


Package hyperref Warning: Token not allowed in a PDF string (PDFDocEncoding):
(hyperref)                removing `\nextToken' on input line 3.

bibitemlist
[49

]
Overfull \vbox (0.54742pt too high) has occurred while \output is active []


[50])

Class memoir Warning: The material used in the headers is too large
(15.04742pt) for the given head height (14.5pt), it is recommended to
either increase the head height or redesign the header
(in both cases you will find help in the memoir manual). on input line 2093.


AED: lastpage setting LastPage

Overfull \vbox (0.54742pt too high) has occurred while \output is active []


[51]
\tf@lof=\write5
\openout5 = `projeto.lof'.

\tf@lot=\write6
\openout6 = `projeto.lot'.

\tf@toc=\write7
\openout7 = `projeto.toc'.

Package atveryend Info: Empty hook `BeforeClearDocument' on input line 2093.
Package atveryend Info: Empty hook `AfterLastShipout' on input line 2093.
 (./projeto.aux)
Package atveryend Info: Executing hook `AtVeryEndDocument' on input line 2093.
Package atveryend Info: Executing hook `AtEndAfterFileList' on input line 2093.

Package rerunfilecheck Info: File `projeto.brf' has not changed.
(rerunfilecheck)             Checksum: 099954A591CA0968C8B33BC59C3E3396;3494.


LaTeX Warning: There were undefined references.


LaTeX Warning: Label(s) may have changed. Rerun to get cross-references right.

Package atveryend Info: Empty hook `AtVeryVeryEnd' on input line 2093.
 )
(\end occurred when \iftrue on line 106 was incomplete) 
Here is how much of TeX's memory you used:
 14795 strings out of 493085
 229270 string characters out of 6136918
 491455 words of memory out of 5000000
 17580 multiletter control sequences out of 15000+600000
 31598 words of font info for 155 fonts, out of 8000000 for 9000
 1141 hyphenation exceptions out of 8191
 41i,18n,40p,387b,598s stack positions out of 5000i,500n,10000p,200000b,80000s
pdfTeX warning (dest): n
ame{Hfootnote.4} has been referenced but does not exist, replaced by a fixed on
e

pdfTeX warning (dest): name{Hfootnote.3} has been referenced but does not exist
, replaced by a fixed one

{/usr/share/texmf/fonts/enc/dvips/cm-super/cm-super-t1.enc}</usr/share/texlive/
texmf-dist/fonts/type1/public/amsfonts/cm/cmex10.pfb></usr/share/texlive/texmf-
dist/fonts/type1/public/amsfonts/cm/cmmi12.pfb></usr/share/texlive/texmf-dist/f
onts/type1/public/amsfonts/cm/cmmi6.pfb></usr/share/texlive/texmf-dist/fonts/ty
pe1/public/amsfonts/cm/cmmi8.pfb></usr/share/texlive/texmf-dist/fonts/type1/pub
lic/amsfonts/cm/cmr12.pfb></usr/share/texlive/texmf-dist/fonts/type1/public/ams
fonts/cm/cmr8.pfb></usr/share/texlive/texmf-dist/fonts/type1/public/amsfonts/cm
/cmsy10.pfb></usr/share/texlive/texmf-dist/fonts/type1/public/amsfonts/cm/cmsy8
.pfb></usr/share/texmf/fonts/type1/public/cm-super/sfbx1200.pfb></usr/share/tex
mf/fonts/type1/public/cm-super/sfbx1440.pfb></usr/share/texmf/fonts/type1/publi
c/cm-super/sfbx1728.pfb></usr/share/texmf/fonts/type1/public/cm-super/sfbx2074.
pfb></usr/share/texmf/fonts/type1/public/cm-super/sfrm0700.pfb></usr/share/texm
f/fonts/type1/public/cm-super/sfrm0800.pfb></usr/share/texmf/fonts/type1/public
/cm-super/sfrm1000.pfb></usr/share/texmf/fonts/type1/public/cm-super/sfrm1095.p
fb></usr/share/texmf/fonts/type1/public/cm-super/sfrm1200.pfb></usr/share/texmf
/fonts/type1/public/cm-super/sfrm1440.pfb></usr/share/texmf/fonts/type1/public/
cm-super/sfsl1200.pfb></usr/share/texmf/fonts/type1/public/cm-super/sfti1000.pf
b></usr/share/texmf/fonts/type1/public/cm-super/sfti1200.pfb></usr/share/texmf/
fonts/type1/public/cm-super/sfti1440.pfb></usr/share/texmf/fonts/type1/public/c
m-super/sftt1200.pfb>
Output written on projeto.pdf (52 pages, 2735238 bytes).
PDF statistics:
 1139 PDF objects out of 1200 (max. 8388607)
 987 compressed objects within 10 object streams
 266 named destinations out of 1000 (max. 500000)
 30714 words of extra memory for PDF output out of 35830 (max. 10000000)

